#
# There is insufficient memory for the Java Runtime Environment to continue.
# Native memory allocation (malloc) failed to allocate 209136 bytes. Error detail: Chunk::new
# Possible reasons:
#   The system is out of physical RAM or swap space
#   This process is running with CompressedOops enabled, and the Java Heap may be blocking the growth of the native heap
# Possible solutions:
#   Reduce memory load on the system
#   Increase physical memory or swap space
#   Check if swap backing store is full
#   Decrease Java heap size (-Xmx/-Xms)
#   Decrease number of Java threads
#   Decrease Java thread stack sizes (-Xss)
#   Set larger code cache with -XX:ReservedCodeCacheSize=
#   JVM is running with Unscaled Compressed Oops mode in which the Java heap is
#     placed in the first 4GB address space. The Java Heap base address is the
#     maximum limit for the native heap growth. Please use -XX:HeapBaseMinAddress
#     to set the Java Heap base and to place the Java Heap above 4GB virtual address.
# This output file may be truncated or incomplete.
#
#  Out of Memory Error (arena.cpp:191), pid=18896, tid=14548
#
# JRE version: OpenJDK Runtime Environment Temurin-17.0.12+7 (17.0.12+7) (build 17.0.12+7)
# Java VM: OpenJDK 64-Bit Server VM Temurin-17.0.12+7 (17.0.12+7, mixed mode, tiered, compressed oops, compressed class ptrs, parallel gc, windows-amd64)
# No core dump will be written. Minidumps are not enabled by default on client versions of Windows
#

---------------  S U M M A R Y ------------

Command Line: --add-modules=ALL-SYSTEM --add-opens=java.base/java.util=ALL-UNNAMED --add-opens=java.base/java.lang=ALL-UNNAMED --add-opens=java.base/sun.nio.fs=ALL-UNNAMED -Declipse.application=org.eclipse.jdt.ls.core.id1 -Dosgi.bundles.defaultStartLevel=4 -Declipse.product=org.eclipse.jdt.ls.core.product -Djava.import.generatesMetadataFilesAtProjectRoot=false -DDetectVMInstallationsJob.disabled=true -Dfile.encoding=utf8 -XX:+UseParallelGC -XX:GCTimeRatio=4 -XX:AdaptiveSizePolicyWeight=90 -Dsun.zip.disableMemoryMapping=true -Xmx1G -Xms100m -Xlog:disable -javaagent:c:\Users\wwhwa\.vscode\extensions\redhat.java-1.35.1-win32-x64\lombok\lombok-1.18.33.jar -XX:+HeapDumpOnOutOfMemoryError -XX:HeapDumpPath=c:\Users\wwhwa\AppData\Roaming\Code\User\workspaceStorage\cc8101a5b3efc4cd72cabb6bf9ff929c\redhat.java -Daether.dependencyCollector.impl=bf c:\Users\wwhwa\.vscode\extensions\redhat.java-1.35.1-win32-x64\server\plugins\org.eclipse.equinox.launcher_1.6.900.v20240613-2009.jar -configuration c:\Users\wwhwa\AppData\Roaming\Code\User\globalStorage\redhat.java\1.35.1\config_win -data c:\Users\wwhwa\AppData\Roaming\Code\User\workspaceStorage\cc8101a5b3efc4cd72cabb6bf9ff929c\redhat.java\jdt_ws --pipe=\\.\pipe\lsp-b10e6cae174b299ea6cd74f34710d69f-sock

Host: AMD Ryzen 7 5825U with Radeon Graphics         , 16 cores, 5G,  Windows 11 , 64 bit Build 22621 (10.0.22621.3958)
Time: Thu Oct 17 20:33:05 2024  Windows 11 , 64 bit Build 22621 (10.0.22621.3958) elapsed time: 14.840055 seconds (0d 0h 0m 14s)

---------------  T H R E A D  ---------------

Current thread (0x000002223e111240):  JavaThread "C2 CompilerThread0" daemon [_thread_in_native, id=14548, stack(0x000000c717100000,0x000000c717200000)]


Current CompileTask:
C2:  14840 1910 %     4       org.eclipse.osgi.util.ManifestElement::readLine @ 0 (122 bytes)

Stack: [0x000000c717100000,0x000000c717200000]
Native frames: (J=compiled Java code, j=interpreted, Vv=VM code, C=native code)
V  [jvm.dll+0x67f929]
V  [jvm.dll+0x8371ba]
V  [jvm.dll+0x838c7e]
V  [jvm.dll+0x8392e3]
V  [jvm.dll+0x24834f]
V  [jvm.dll+0xac9d4]
V  [jvm.dll+0xad01c]
V  [jvm.dll+0x367452]
V  [jvm.dll+0x33197a]
V  [jvm.dll+0x330e1a]
V  [jvm.dll+0x21a8b1]
V  [jvm.dll+0x219cf1]
V  [jvm.dll+0x1a58bd]
V  [jvm.dll+0x229a2d]
V  [jvm.dll+0x227bdc]
V  [jvm.dll+0x7ec1f7]
V  [jvm.dll+0x7e65dc]
V  [jvm.dll+0x67e7f7]
C  [ucrtbase.dll+0x29333]
C  [KERNEL32.DLL+0x1257d]
C  [ntdll.dll+0x5af08]


---------------  P R O C E S S  ---------------

Threads class SMR info:
_java_thread_list=0x0000022240a9f280, length=16, elements={
0x000002222512bd60, 0x0000022238fb4010, 0x0000022238fb57c0, 0x0000022238fbd2d0,
0x000002223e108000, 0x000002223e10b3e0, 0x000002223e10aed0, 0x000002223e111240,
0x000002223e1220b0, 0x000002223e12a9b0, 0x000002223e10b8f0, 0x000002223e109a90,
0x000002223e10a4b0, 0x0000022240a24630, 0x000002223e10c310, 0x000002223e10be00
}

Java Threads: ( => current thread )
  0x000002222512bd60 JavaThread "main" [_thread_blocked, id=17028, stack(0x000000c716800000,0x000000c716900000)]
  0x0000022238fb4010 JavaThread "Reference Handler" daemon [_thread_blocked, id=29100, stack(0x000000c716b00000,0x000000c716c00000)]
  0x0000022238fb57c0 JavaThread "Finalizer" daemon [_thread_blocked, id=380, stack(0x000000c716c00000,0x000000c716d00000)]
  0x0000022238fbd2d0 JavaThread "Signal Dispatcher" daemon [_thread_blocked, id=13172, stack(0x000000c716d00000,0x000000c716e00000)]
  0x000002223e108000 JavaThread "Attach Listener" daemon [_thread_blocked, id=9552, stack(0x000000c716e00000,0x000000c716f00000)]
  0x000002223e10b3e0 JavaThread "Service Thread" daemon [_thread_blocked, id=25540, stack(0x000000c716f00000,0x000000c717000000)]
  0x000002223e10aed0 JavaThread "Monitor Deflation Thread" daemon [_thread_blocked, id=204, stack(0x000000c717000000,0x000000c717100000)]
=>0x000002223e111240 JavaThread "C2 CompilerThread0" daemon [_thread_in_native, id=14548, stack(0x000000c717100000,0x000000c717200000)]
  0x000002223e1220b0 JavaThread "C1 CompilerThread0" daemon [_thread_blocked, id=11344, stack(0x000000c717200000,0x000000c717300000)]
  0x000002223e12a9b0 JavaThread "Sweeper thread" daemon [_thread_blocked, id=20696, stack(0x000000c717300000,0x000000c717400000)]
  0x000002223e10b8f0 JavaThread "Common-Cleaner" daemon [_thread_blocked, id=19188, stack(0x000000c717400000,0x000000c717500000)]
  0x000002223e109a90 JavaThread "Notification Thread" daemon [_thread_blocked, id=21312, stack(0x000000c717500000,0x000000c717600000)]
  0x000002223e10a4b0 JavaThread "Active Thread: Equinox Container: 1918ab01-63f1-41a3-963e-dfdbf6b8ad9b" [_thread_blocked, id=17708, stack(0x000000c717d00000,0x000000c717e00000)]
  0x0000022240a24630 JavaThread "C1 CompilerThread1" daemon [_thread_blocked, id=13240, stack(0x000000c717e00000,0x000000c717f00000)]
  0x000002223e10c310 JavaThread "Framework Event Dispatcher: Equinox Container: 1918ab01-63f1-41a3-963e-dfdbf6b8ad9b" daemon [_thread_blocked, id=5956, stack(0x000000c717f00000,0x000000c718000000)]
  0x000002223e10be00 JavaThread "Start Level: Equinox Container: 1918ab01-63f1-41a3-963e-dfdbf6b8ad9b" daemon [_thread_in_native, id=30772, stack(0x000000c718000000,0x000000c718100000)]

Other Threads:
  0x00000222251d7bb0 VMThread "VM Thread" [stack: 0x000000c716a00000,0x000000c716b00000] [id=25180]
  0x000002223e3e7e20 WatcherThread [stack: 0x000000c717600000,0x000000c717700000] [id=9664]
  0x0000022225143060 GCTaskThread "GC Thread#0" [stack: 0x000000c716900000,0x000000c716a00000] [id=19332]
  0x0000022240980080 GCTaskThread "GC Thread#1" [stack: 0x000000c717700000,0x000000c717800000] [id=2772]
  0x0000022240980340 GCTaskThread "GC Thread#2" [stack: 0x000000c717800000,0x000000c717900000] [id=30116]
  0x0000022240669800 GCTaskThread "GC Thread#3" [stack: 0x000000c717900000,0x000000c717a00000] [id=30604]
  0x0000022240669ac0 GCTaskThread "GC Thread#4" [stack: 0x000000c717a00000,0x000000c717b00000] [id=23888]
  0x00000222405a0240 GCTaskThread "GC Thread#5" [stack: 0x000000c717b00000,0x000000c717c00000] [id=20060]
  0x00000222405a0500 GCTaskThread "GC Thread#6" [stack: 0x000000c717c00000,0x000000c717d00000] [id=24416]
  0x0000022222ed9820 GCTaskThread "GC Thread#7" [stack: 0x000000c718100000,0x000000c718200000] [id=31560]

Threads with active compile tasks:
C2 CompilerThread0    14863 1910 %     4       org.eclipse.osgi.util.ManifestElement::readLine @ 0 (122 bytes)

VM state: not at safepoint (normal execution)

VM Mutex/Monitor currently owned by a thread: None

Heap address: 0x00000000c0000000, size: 1024 MB, Compressed Oops mode: 32-bit

CDS archive(s) not mapped
Compressed class space mapped at: 0x0000000100000000-0x0000000140000000, reserved size: 1073741824
Narrow klass base: 0x0000000000000000, Narrow klass shift: 3, Narrow klass range: 0x140000000

GC Precious Log:
 CPUs: 16 total, 16 available
 Memory: 5996M
 Large Page Support: Disabled
 NUMA Support: Disabled
 Compressed Oops: Enabled (32-bit)
 Alignments: Space 512K, Generation 512K, Heap 2M
 Heap Min Capacity: 100M
 Heap Initial Capacity: 100M
 Heap Max Capacity: 1G
 Pre-touch: Disabled
 Parallel Workers: 13

Heap:
 PSYoungGen      total 29696K, used 19085K [0x00000000eab00000, 0x00000000ecc00000, 0x0000000100000000)
  eden space 25600K, 58% used [0x00000000eab00000,0x00000000eb9a64b8,0x00000000ec400000)
  from space 4096K, 99% used [0x00000000ec800000,0x00000000ecbfd330,0x00000000ecc00000)
  to   space 4096K, 0% used [0x00000000ec400000,0x00000000ec400000,0x00000000ec800000)
 ParOldGen       total 68608K, used 1542K [0x00000000c0000000, 0x00000000c4300000, 0x00000000eab00000)
  object space 68608K, 2% used [0x00000000c0000000,0x00000000c0181840,0x00000000c4300000)
 Metaspace       used 15765K, committed 16064K, reserved 1114112K
  class space    used 1590K, committed 1728K, reserved 1048576K

Card table byte_map: [0x0000022224ac0000,0x0000022224cd0000] _byte_map_base: 0x00000222244c0000

Marking Bits: (ParMarkBitMap*) 0x00007ffce12958b0
 Begin Bits: [0x0000022236dc0000, 0x0000022237dc0000)
 End Bits:   [0x0000022237dc0000, 0x0000022238dc0000)

Polling page: 0x00000222230b0000

Metaspace:

Usage:
  Non-class:     13.84 MB used.
      Class:      1.55 MB used.
       Both:     15.40 MB used.

Virtual space:
  Non-class space:       64.00 MB reserved,      14.00 MB ( 22%) committed,  1 nodes.
      Class space:        1.00 GB reserved,       1.69 MB ( <1%) committed,  1 nodes.
             Both:        1.06 GB reserved,      15.69 MB (  1%) committed. 

Chunk freelists:
   Non-Class:  1.97 MB
       Class:  14.37 MB
        Both:  16.34 MB

MaxMetaspaceSize: unlimited
CompressedClassSpaceSize: 1.00 GB
Initial GC threshold: 21.00 MB
Current GC threshold: 21.00 MB
CDS: off
MetaspaceReclaimPolicy: balanced
 - commit_granule_bytes: 65536.
 - commit_granule_words: 8192.
 - virtual_space_node_default_size: 8388608.
 - enlarge_chunks_in_place: 1.
 - new_chunks_are_fully_committed: 0.
 - uncommit_free_chunks: 1.
 - use_allocation_guard: 0.
 - handle_deallocations: 1.


Internal statistics:

num_allocs_failed_limit: 0.
num_arena_births: 102.
num_arena_deaths: 0.
num_vsnodes_births: 2.
num_vsnodes_deaths: 0.
num_space_committed: 251.
num_space_uncommitted: 0.
num_chunks_returned_to_freelist: 0.
num_chunks_taken_from_freelist: 322.
num_chunk_merges: 0.
num_chunk_splits: 205.
num_chunks_enlarged: 145.
num_inconsistent_stats: 0.

CodeHeap 'non-profiled nmethods': size=119168Kb used=747Kb max_used=747Kb free=118420Kb
 bounds [0x000002222f960000, 0x000002222fbd0000, 0x0000022236dc0000]
CodeHeap 'profiled nmethods': size=119104Kb used=3607Kb max_used=3607Kb free=115496Kb
 bounds [0x0000022227dc0000, 0x0000022228150000, 0x000002222f210000]
CodeHeap 'non-nmethods': size=7488Kb used=1727Kb max_used=1745Kb free=5760Kb
 bounds [0x000002222f210000, 0x000002222f480000, 0x000002222f960000]
 total_blobs=2413 nmethods=1953 adapters=373
 compilation: enabled
              stopped_count=0, restarted_count=0
 full_count=0

Compilation events (20 events):
Event: 14.831 Thread 0x000002223e1220b0 1919       1       org.eclipse.osgi.container.ModuleRevision::getTypes (5 bytes)
Event: 14.831 Thread 0x000002223e1220b0 nmethod 1919 0x000002222fa19e90 code [0x000002222fa1a020, 0x000002222fa1a0f8]
Event: 14.831 Thread 0x0000022240a24630 1920       3       java.util.stream.Sink$ChainedReference::cancellationRequested (10 bytes)
Event: 14.831 Thread 0x0000022240a24630 nmethod 1920 0x0000022228134710 code [0x00000222281348c0, 0x0000022228134a88]
Event: 14.832 Thread 0x0000022240a24630 1921       3       java.util.zip.ZipFile$Source::isSignatureRelated (205 bytes)
Event: 14.832 Thread 0x000002223e1220b0 1922       3       java.util.zip.ZipFile$Source::getMetaVersion (221 bytes)
Event: 14.832 Thread 0x0000022240a24630 nmethod 1921 0x0000022228134b90 code [0x0000022228134d40, 0x00000222281351f8]
Event: 14.832 Thread 0x000002223e1220b0 nmethod 1922 0x0000022228135390 code [0x0000022228135580, 0x0000022228135d18]
Event: 14.834 Thread 0x000002223e1220b0 1923       3       org.eclipse.osgi.internal.framework.EquinoxBundle::getBundleId (11 bytes)
Event: 14.834 Thread 0x0000022240a24630 1924       3       java.util.concurrent.ConcurrentHashMap::<init> (5 bytes)
Event: 14.834 Thread 0x000002223e1220b0 nmethod 1923 0x0000022228135f10 code [0x00000222281360a0, 0x00000222281361f8]
Event: 14.834 Thread 0x0000022240a24630 nmethod 1924 0x0000022228136310 code [0x00000222281364c0, 0x0000022228136678]
Event: 14.836 Thread 0x000002223e1220b0 1926       3       java.util.Optional::isPresent (13 bytes)
Event: 14.836 Thread 0x000002223e1220b0 nmethod 1926 0x0000022228136790 code [0x0000022228136920, 0x0000022228136a98]
Event: 14.836 Thread 0x000002223e1220b0 1927       3       sun.nio.fs.NativeBuffers::getNativeBufferFromCache (51 bytes)
Event: 14.836 Thread 0x0000022240a24630 1929       3       sun.nio.fs.NativeBuffers::releaseNativeBuffer (97 bytes)
Event: 14.836 Thread 0x000002223e1220b0 nmethod 1927 0x0000022228136b10 code [0x0000022228136d00, 0x00000222281372c8]
Event: 14.836 Thread 0x000002223e1220b0 1928       3       sun.nio.fs.NativeBuffer::release (5 bytes)
Event: 14.837 Thread 0x000002223e1220b0 nmethod 1928 0x0000022228137490 code [0x0000022228137620, 0x0000022228137748]
Event: 14.837 Thread 0x0000022240a24630 nmethod 1929 0x0000022228137810 code [0x0000022228137ae0, 0x0000022228138c98]

GC Heap History (4 events):
Event: 1.951 GC heap before
{Heap before GC invocations=1 (full 0):
 PSYoungGen      total 29696K, used 25600K [0x00000000eab00000, 0x00000000ecc00000, 0x0000000100000000)
  eden space 25600K, 100% used [0x00000000eab00000,0x00000000ec400000,0x00000000ec400000)
  from space 4096K, 0% used [0x00000000ec800000,0x00000000ec800000,0x00000000ecc00000)
  to   space 4096K, 0% used [0x00000000ec400000,0x00000000ec400000,0x00000000ec800000)
 ParOldGen       total 68608K, used 0K [0x00000000c0000000, 0x00000000c4300000, 0x00000000eab00000)
  object space 68608K, 0% used [0x00000000c0000000,0x00000000c0000000,0x00000000c4300000)
 Metaspace       used 10941K, committed 11072K, reserved 1114112K
  class space    used 1085K, committed 1152K, reserved 1048576K
}
Event: 1.981 GC heap after
{Heap after GC invocations=1 (full 0):
 PSYoungGen      total 29696K, used 3156K [0x00000000eab00000, 0x00000000ecc00000, 0x0000000100000000)
  eden space 25600K, 0% used [0x00000000eab00000,0x00000000eab00000,0x00000000ec400000)
  from space 4096K, 77% used [0x00000000ec400000,0x00000000ec715350,0x00000000ec800000)
  to   space 4096K, 0% used [0x00000000ec800000,0x00000000ec800000,0x00000000ecc00000)
 ParOldGen       total 68608K, used 16K [0x00000000c0000000, 0x00000000c4300000, 0x00000000eab00000)
  object space 68608K, 0% used [0x00000000c0000000,0x00000000c0004000,0x00000000c4300000)
 Metaspace       used 10941K, committed 11072K, reserved 1114112K
  class space    used 1085K, committed 1152K, reserved 1048576K
}
Event: 12.479 GC heap before
{Heap before GC invocations=2 (full 0):
 PSYoungGen      total 29696K, used 28756K [0x00000000eab00000, 0x00000000ecc00000, 0x0000000100000000)
  eden space 25600K, 100% used [0x00000000eab00000,0x00000000ec400000,0x00000000ec400000)
  from space 4096K, 77% used [0x00000000ec400000,0x00000000ec715350,0x00000000ec800000)
  to   space 4096K, 0% used [0x00000000ec800000,0x00000000ec800000,0x00000000ecc00000)
 ParOldGen       total 68608K, used 16K [0x00000000c0000000, 0x00000000c4300000, 0x00000000eab00000)
  object space 68608K, 0% used [0x00000000c0000000,0x00000000c0004000,0x00000000c4300000)
 Metaspace       used 14387K, committed 14592K, reserved 1114112K
  class space    used 1425K, committed 1472K, reserved 1048576K
}
Event: 12.492 GC heap after
{Heap after GC invocations=2 (full 0):
 PSYoungGen      total 29696K, used 4084K [0x00000000eab00000, 0x00000000ecc00000, 0x0000000100000000)
  eden space 25600K, 0% used [0x00000000eab00000,0x00000000eab00000,0x00000000ec400000)
  from space 4096K, 99% used [0x00000000ec800000,0x00000000ecbfd330,0x00000000ecc00000)
  to   space 4096K, 0% used [0x00000000ec400000,0x00000000ec400000,0x00000000ec800000)
 ParOldGen       total 68608K, used 1542K [0x00000000c0000000, 0x00000000c4300000, 0x00000000eab00000)
  object space 68608K, 2% used [0x00000000c0000000,0x00000000c0181840,0x00000000c4300000)
 Metaspace       used 14387K, committed 14592K, reserved 1114112K
  class space    used 1425K, committed 1472K, reserved 1048576K
}

Dll operation events (9 events):
Event: 0.049 Loaded shared library c:\Users\wwhwa\.vscode\extensions\redhat.java-1.35.1-win32-x64\jre\17.0.12-win32-x86_64\bin\java.dll
Event: 0.387 Loaded shared library c:\Users\wwhwa\.vscode\extensions\redhat.java-1.35.1-win32-x64\jre\17.0.12-win32-x86_64\bin\zip.dll
Event: 0.393 Loaded shared library C:\Users\wwhwa\.vscode\extensions\redhat.java-1.35.1-win32-x64\jre\17.0.12-win32-x86_64\bin\instrument.dll
Event: 0.416 Loaded shared library C:\Users\wwhwa\.vscode\extensions\redhat.java-1.35.1-win32-x64\jre\17.0.12-win32-x86_64\bin\net.dll
Event: 0.420 Loaded shared library C:\Users\wwhwa\.vscode\extensions\redhat.java-1.35.1-win32-x64\jre\17.0.12-win32-x86_64\bin\nio.dll
Event: 0.436 Loaded shared library C:\Users\wwhwa\.vscode\extensions\redhat.java-1.35.1-win32-x64\jre\17.0.12-win32-x86_64\bin\zip.dll
Event: 0.466 Loaded shared library C:\Users\wwhwa\.vscode\extensions\redhat.java-1.35.1-win32-x64\jre\17.0.12-win32-x86_64\bin\jimage.dll
Event: 0.609 Loaded shared library c:\Users\wwhwa\.vscode\extensions\redhat.java-1.35.1-win32-x64\jre\17.0.12-win32-x86_64\bin\verify.dll
Event: 12.407 Loaded shared library C:\Users\wwhwa\AppData\Roaming\Code\User\globalStorage\redhat.java\1.35.1\config_win\org.eclipse.equinox.launcher\org.eclipse.equinox.launcher.win32.win32.x86_64_1.2.1100.v20240722-2106\eclipse_11904.dll

Deoptimization events (20 events):
Event: 12.679 Thread 0x000002223e10be00 Uncommon trap: trap_request=0xffffff45 fr.pc=0x000002222f9d87b4 relative=0x00000000000003f4
Event: 12.679 Thread 0x000002223e10be00 Uncommon trap: reason=unstable_if action=reinterpret pc=0x000002222f9d87b4 method=java.lang.AbstractStringBuilder.putStringAt(ILjava/lang/String;II)V @ 8 c2
Event: 12.679 Thread 0x000002223e10be00 DEOPT PACKING pc=0x000002222f9d87b4 sp=0x000000c7180fd9e0
Event: 12.679 Thread 0x000002223e10be00 DEOPT UNPACKING pc=0x000002222f2666a3 sp=0x000000c7180fd8d0 mode 2
Event: 12.679 Thread 0x000002223e10be00 Uncommon trap: trap_request=0xffffff45 fr.pc=0x000002222f9ec710 relative=0x0000000000000370
Event: 12.679 Thread 0x000002223e10be00 Uncommon trap: reason=unstable_if action=reinterpret pc=0x000002222f9ec710 method=java.lang.AbstractStringBuilder.isLatin1()Z @ 10 c2
Event: 12.679 Thread 0x000002223e10be00 DEOPT PACKING pc=0x000002222f9ec710 sp=0x000000c7180fdaf0
Event: 12.679 Thread 0x000002223e10be00 DEOPT UNPACKING pc=0x000002222f2666a3 sp=0x000000c7180fda70 mode 2
Event: 12.680 Thread 0x000002223e10be00 Uncommon trap: trap_request=0xffffff45 fr.pc=0x000002222f983d4c relative=0x000000000000012c
Event: 12.680 Thread 0x000002223e10be00 Uncommon trap: reason=unstable_if action=reinterpret pc=0x000002222f983d4c method=java.lang.AbstractStringBuilder.putStringAt(ILjava/lang/String;II)V @ 8 c2
Event: 12.680 Thread 0x000002223e10be00 DEOPT PACKING pc=0x000002222f983d4c sp=0x000000c7180fd870
Event: 12.680 Thread 0x000002223e10be00 DEOPT UNPACKING pc=0x000002222f2666a3 sp=0x000000c7180fd7b8 mode 2
Event: 12.696 Thread 0x000002223e10be00 Uncommon trap: trap_request=0xffffff45 fr.pc=0x000002222fa06900 relative=0x0000000000000b60
Event: 12.696 Thread 0x000002223e10be00 Uncommon trap: reason=unstable_if action=reinterpret pc=0x000002222fa06900 method=java.util.concurrent.ConcurrentHashMap.putVal(Ljava/lang/Object;Ljava/lang/Object;Z)Ljava/lang/Object; @ 148 c2
Event: 12.696 Thread 0x000002223e10be00 DEOPT PACKING pc=0x000002222fa06900 sp=0x000000c7180fe170
Event: 12.696 Thread 0x000002223e10be00 DEOPT UNPACKING pc=0x000002222f2666a3 sp=0x000000c7180fe0f0 mode 2
Event: 12.730 Thread 0x000002223e10be00 Uncommon trap: trap_request=0xffffff6e fr.pc=0x000002222f9be558 relative=0x0000000000000338
Event: 12.730 Thread 0x000002223e10be00 Uncommon trap: reason=loop_limit_check action=maybe_recompile pc=0x000002222f9be558 method=java.lang.StringLatin1.indexOf([BI[BII)I @ 37 c2
Event: 12.730 Thread 0x000002223e10be00 DEOPT PACKING pc=0x000002222f9be558 sp=0x000000c7180fd3d0
Event: 12.730 Thread 0x000002223e10be00 DEOPT UNPACKING pc=0x000002222f2666a3 sp=0x000000c7180fd330 mode 2

Classes loaded (20 events):
Event: 12.675 Loading class java/util/stream/IntPipeline$StatelessOp done
Event: 12.675 Loading class java/util/stream/IntPipeline$10 done
Event: 12.675 Loading class java/util/stream/FindOps$FindSink$OfInt
Event: 12.675 Loading class java/util/stream/Sink$OfInt
Event: 12.676 Loading class java/util/function/IntConsumer
Event: 12.676 Loading class java/util/function/IntConsumer done
Event: 12.676 Loading class java/util/stream/Sink$OfInt done
Event: 12.676 Loading class java/util/stream/FindOps$FindSink$OfInt done
Event: 12.676 Loading class java/util/OptionalInt
Event: 12.676 Loading class java/util/OptionalInt done
Event: 12.678 Loading class java/util/stream/IntPipeline$10$1
Event: 12.678 Loading class java/util/stream/Sink$ChainedInt
Event: 12.678 Loading class java/util/stream/Sink$ChainedInt done
Event: 12.678 Loading class java/util/stream/IntPipeline$10$1 done
Event: 12.678 Loading class java/lang/StringUTF16$CharsSpliterator
Event: 12.679 Loading class java/lang/StringUTF16$CharsSpliterator done
Event: 12.679 Loading class java/time/LocalTime$1
Event: 12.679 Loading class java/time/LocalTime$1 done
Event: 12.680 Loading class java/util/Formattable
Event: 12.680 Loading class java/util/Formattable done

Classes unloaded (0 events):
No events

Classes redefined (0 events):
No events

Internal exceptions (20 events):
Event: 1.671 Thread 0x000002222512bd60 Exception <a 'java/lang/ClassNotFoundException'{0x00000000ec1032f8}: sun/net/www/protocol/c/Handler> (0x00000000ec1032f8) 
thrown [s\src\hotspot\share\classfile\systemDictionary.cpp, line 256]
Event: 1.672 Thread 0x000002222512bd60 Exception <a 'java/lang/ClassNotFoundException'{0x00000000ec104670}: sun/net/www/protocol/c/Handler> (0x00000000ec104670) 
thrown [s\src\hotspot\share\classfile\systemDictionary.cpp, line 256]
Event: 1.672 Thread 0x000002222512bd60 Exception <a 'java/lang/ClassNotFoundException'{0x00000000ec105840}: sun/net/www/protocol/c/Handler> (0x00000000ec105840) 
thrown [s\src\hotspot\share\classfile\systemDictionary.cpp, line 256]
Event: 1.705 Thread 0x000002222512bd60 Exception <a 'java/io/FileNotFoundException'{0x00000000ec12de30}> (0x00000000ec12de30) 
thrown [s\src\hotspot\share\prims\jni.cpp, line 516]
Event: 1.806 Thread 0x000002222512bd60 Implicit null exception at 0x000002222f9a473b to 0x000002222f9a5058
Event: 1.806 Thread 0x000002222512bd60 Implicit null exception at 0x000002222f9a5f8c to 0x000002222f9a61a4
Event: 1.806 Thread 0x000002222512bd60 Implicit null exception at 0x000002222f96d70f to 0x000002222f96d785
Event: 2.005 Thread 0x000002222512bd60 Exception <a 'java/lang/NoSuchMethodError'{0x00000000eab0f528}: 'int java.lang.invoke.DirectMethodHandle$Holder.invokeStaticInit(java.lang.Object, java.lang.Object, java.lang.Object, java.lang.Object)'> (0x00000000eab0f528) 
thrown [s\src\hotspot\share\interpreter\linkResolver.cpp, line 759]
Event: 2.007 Thread 0x000002222512bd60 Exception <a 'java/lang/NoSuchMethodError'{0x00000000eab19c90}: 'java.lang.Object java.lang.invoke.DirectMethodHandle$Holder.invokeInterface(java.lang.Object, java.lang.Object)'> (0x00000000eab19c90) 
thrown [s\src\hotspot\share\interpreter\linkResolver.cpp, line 759]
Event: 2.007 Thread 0x000002222512bd60 Exception <a 'java/lang/IncompatibleClassChangeError'{0x00000000eab1d488}: Found class java.lang.Object, but interface was expected> (0x00000000eab1d488) 
thrown [s\src\hotspot\share\interpreter\linkResolver.cpp, line 826]
Event: 2.008 Thread 0x000002222512bd60 Exception <a 'java/lang/NoSuchMethodError'{0x00000000eab21968}: 'void java.lang.invoke.DirectMethodHandle$Holder.invokeStatic(java.lang.Object, java.lang.Object)'> (0x00000000eab21968) 
thrown [s\src\hotspot\share\interpreter\linkResolver.cpp, line 759]
Event: 2.008 Thread 0x000002222512bd60 Exception <a 'java/lang/NoSuchMethodError'{0x00000000eab25168}: 'void java.lang.invoke.DirectMethodHandle$Holder.invokeStaticInit(java.lang.Object, java.lang.Object)'> (0x00000000eab25168) 
thrown [s\src\hotspot\share\interpreter\linkResolver.cpp, line 759]
Event: 2.010 Thread 0x000002222512bd60 Exception <a 'java/lang/NoSuchMethodError'{0x00000000eab2c6e8}: 'int java.lang.invoke.DirectMethodHandle$Holder.invokeStaticInit(java.lang.Object, java.lang.Object)'> (0x00000000eab2c6e8) 
thrown [s\src\hotspot\share\interpreter\linkResolver.cpp, line 759]
Event: 2.428 Thread 0x000002222512bd60 Exception <a 'java/lang/NoSuchMethodError'{0x00000000eacbcd00}: 'void java.lang.invoke.DirectMethodHandle$Holder.invokeSpecial(java.lang.Object, java.lang.Object, java.lang.Object)'> (0x00000000eacbcd00) 
thrown [s\src\hotspot\share\interpreter\linkResolver.cpp, line 759]
Event: 2.883 Thread 0x000002222512bd60 Exception <a 'java/lang/NoSuchMethodError'{0x00000000ebaeb468}: 'java.lang.Object java.lang.invoke.DirectMethodHandle$Holder.newInvokeSpecial(java.lang.Object, int, java.lang.Object)'> (0x00000000ebaeb468) 
thrown [s\src\hotspot\share\interpreter\linkResolver.cpp, line 759]
Event: 12.394 Thread 0x000002222512bd60 Exception <a 'java/lang/UnsatisfiedLinkError'{0x00000000ec0efb50}: 'void org.eclipse.equinox.launcher.JNIBridge._update_splash()'> (0x00000000ec0efb50) 
thrown [s\src\hotspot\share\prims\nativeLookup.cpp, line 543]
Event: 12.521 Thread 0x000002223e10be00 Exception <a 'java/lang/NoSuchMethodError'{0x00000000eac02c08}: 'java.lang.Object java.lang.invoke.DirectMethodHandle$Holder.invokeStaticInit(java.lang.Object)'> (0x00000000eac02c08) 
thrown [s\src\hotspot\share\interpreter\linkResolver.cpp, line 759]
Event: 12.543 Thread 0x000002223e10be00 Exception <a 'java/lang/NoSuchMethodError'{0x00000000ead45710}: 'java.lang.Object java.lang.invoke.DirectMethodHandle$Holder.newInvokeSpecial(java.lang.Object, java.lang.Object, int, java.lang.Object)'> (0x00000000ead45710) 
thrown [s\src\hotspot\share\interpreter\linkResolver.cpp, line 759]
Event: 12.544 Thread 0x000002223e10be00 Exception <a 'java/lang/NoSuchMethodError'{0x00000000ead499f8}: 'java.lang.Object java.lang.invoke.DirectMethodHandle$Holder.invokeSpecial(java.lang.Object, java.lang.Object, java.lang.Object, int, java.lang.Object)'> (0x00000000ead499f8) 
thrown [s\src\hotspot\share\interpreter\linkResolver.cpp, line 759]
Event: 12.637 Thread 0x000002223e10be00 Exception <a 'java/lang/ClassNotFoundException'{0x00000000eafd4e18}: sun/util/logging/resources/spi/loggingProvider> (0x00000000eafd4e18) 
thrown [s\src\hotspot\share\classfile\systemDictionary.cpp, line 256]

VM Operations (20 events):
Event: 2.835 Executing VM operation: HandshakeAllThreads
Event: 2.835 Executing VM operation: HandshakeAllThreads done
Event: 2.875 Executing VM operation: HandshakeAllThreads
Event: 2.875 Executing VM operation: HandshakeAllThreads done
Event: 3.883 Executing VM operation: Cleanup
Event: 3.883 Executing VM operation: Cleanup done
Event: 12.479 Executing VM operation: ParallelGCFailedAllocation
Event: 12.492 Executing VM operation: ParallelGCFailedAllocation done
Event: 12.505 Executing VM operation: HandshakeAllThreads
Event: 12.505 Executing VM operation: HandshakeAllThreads done
Event: 12.612 Executing VM operation: HandshakeAllThreads
Event: 12.612 Executing VM operation: HandshakeAllThreads done
Event: 12.642 Executing VM operation: HandshakeAllThreads
Event: 12.642 Executing VM operation: HandshakeAllThreads done
Event: 12.657 Executing VM operation: HandshakeAllThreads
Event: 12.657 Executing VM operation: HandshakeAllThreads done
Event: 12.695 Executing VM operation: HandshakeAllThreads
Event: 12.695 Executing VM operation: HandshakeAllThreads done
Event: 13.706 Executing VM operation: Cleanup
Event: 13.707 Executing VM operation: Cleanup done

Events (16 events):
Event: 0.116 Thread 0x000002222512bd60 Thread added: 0x000002222512bd60
Event: 0.151 Thread 0x0000022238fb4010 Thread added: 0x0000022238fb4010
Event: 0.152 Thread 0x0000022238fb57c0 Thread added: 0x0000022238fb57c0
Event: 0.189 Thread 0x0000022238fbd2d0 Thread added: 0x0000022238fbd2d0
Event: 0.190 Thread 0x000002223e108000 Thread added: 0x000002223e108000
Event: 0.190 Thread 0x000002223e10b3e0 Thread added: 0x000002223e10b3e0
Event: 0.190 Thread 0x000002223e10aed0 Thread added: 0x000002223e10aed0
Event: 0.190 Thread 0x000002223e111240 Thread added: 0x000002223e111240
Event: 0.190 Thread 0x000002223e1220b0 Thread added: 0x000002223e1220b0
Event: 0.190 Thread 0x000002223e12a9b0 Thread added: 0x000002223e12a9b0
Event: 0.295 Thread 0x000002223e10b8f0 Thread added: 0x000002223e10b8f0
Event: 0.834 Thread 0x000002223e109a90 Thread added: 0x000002223e109a90
Event: 2.808 Thread 0x000002223e10a4b0 Thread added: 0x000002223e10a4b0
Event: 12.382 Thread 0x0000022240a24630 Thread added: 0x0000022240a24630
Event: 12.385 Thread 0x000002223e10c310 Thread added: 0x000002223e10c310
Event: 12.392 Thread 0x000002223e10be00 Thread added: 0x000002223e10be00


Dynamic libraries:
0x00007ff7895f0000 - 0x00007ff7895fe000 	c:\Users\wwhwa\.vscode\extensions\redhat.java-1.35.1-win32-x64\jre\17.0.12-win32-x86_64\bin\java.exe
0x00007ffd4cb50000 - 0x00007ffd4cd67000 	C:\WINDOWS\SYSTEM32\ntdll.dll
0x00007ffd4bcd0000 - 0x00007ffd4bd94000 	C:\WINDOWS\System32\KERNEL32.DLL
0x00007ffd4a370000 - 0x00007ffd4a727000 	C:\WINDOWS\System32\KERNELBASE.dll
0x00007ffd49fd0000 - 0x00007ffd4a0e1000 	C:\WINDOWS\System32\ucrtbase.dll
0x00007ffd304e0000 - 0x00007ffd304f7000 	c:\Users\wwhwa\.vscode\extensions\redhat.java-1.35.1-win32-x64\jre\17.0.12-win32-x86_64\bin\jli.dll
0x00007ffd31580000 - 0x00007ffd3159b000 	c:\Users\wwhwa\.vscode\extensions\redhat.java-1.35.1-win32-x64\jre\17.0.12-win32-x86_64\bin\VCRUNTIME140.dll
0x00007ffd4c860000 - 0x00007ffd4ca0f000 	C:\WINDOWS\System32\USER32.dll
0x00007ffd49f20000 - 0x00007ffd49f46000 	C:\WINDOWS\System32\win32u.dll
0x00007ffd4a940000 - 0x00007ffd4a969000 	C:\WINDOWS\System32\GDI32.dll
0x00007ffd4a760000 - 0x00007ffd4a878000 	C:\WINDOWS\System32\gdi32full.dll
0x00007ffd4a2d0000 - 0x00007ffd4a36a000 	C:\WINDOWS\System32\msvcp_win.dll
0x00007ffd35420000 - 0x00007ffd356b3000 	C:\WINDOWS\WinSxS\amd64_microsoft.windows.common-controls_6595b64144ccf1df_6.0.22621.3672_none_2713b9d173822955\COMCTL32.dll
0x00007ffd4bdb0000 - 0x00007ffd4be57000 	C:\WINDOWS\System32\msvcrt.dll
0x00007ffd4b790000 - 0x00007ffd4b7c1000 	C:\WINDOWS\System32\IMM32.DLL
0x00007ffd44cf0000 - 0x00007ffd44cfc000 	c:\Users\wwhwa\.vscode\extensions\redhat.java-1.35.1-win32-x64\jre\17.0.12-win32-x86_64\bin\vcruntime140_1.dll
0x00007ffce7f30000 - 0x00007ffce7fbd000 	c:\Users\wwhwa\.vscode\extensions\redhat.java-1.35.1-win32-x64\jre\17.0.12-win32-x86_64\bin\msvcp140.dll
0x00007ffce06f0000 - 0x00007ffce135a000 	c:\Users\wwhwa\.vscode\extensions\redhat.java-1.35.1-win32-x64\jre\17.0.12-win32-x86_64\bin\server\jvm.dll
0x00007ffd4a880000 - 0x00007ffd4a932000 	C:\WINDOWS\System32\ADVAPI32.dll
0x00007ffd4c4a0000 - 0x00007ffd4c548000 	C:\WINDOWS\System32\sechost.dll
0x00007ffd4a730000 - 0x00007ffd4a758000 	C:\WINDOWS\System32\bcrypt.dll
0x00007ffd4b570000 - 0x00007ffd4b684000 	C:\WINDOWS\System32\RPCRT4.dll
0x00007ffd4bf40000 - 0x00007ffd4bfb1000 	C:\WINDOWS\System32\WS2_32.dll
0x00007ffd49b80000 - 0x00007ffd49bcd000 	C:\WINDOWS\SYSTEM32\POWRPROF.dll
0x00007ffd45460000 - 0x00007ffd45494000 	C:\WINDOWS\SYSTEM32\WINMM.dll
0x00007ffd420e0000 - 0x00007ffd420ea000 	C:\WINDOWS\SYSTEM32\VERSION.dll
0x00007ffd49ab0000 - 0x00007ffd49ac3000 	C:\WINDOWS\SYSTEM32\UMPDC.dll
0x00007ffd48e70000 - 0x00007ffd48e88000 	C:\WINDOWS\SYSTEM32\kernel.appcore.dll
0x00007ffd3a150000 - 0x00007ffd3a15a000 	c:\Users\wwhwa\.vscode\extensions\redhat.java-1.35.1-win32-x64\jre\17.0.12-win32-x86_64\bin\jimage.dll
0x00007ffd477a0000 - 0x00007ffd479d2000 	C:\WINDOWS\SYSTEM32\DBGHELP.DLL
0x00007ffd4b8d0000 - 0x00007ffd4bc5e000 	C:\WINDOWS\System32\combase.dll
0x00007ffd4b7f0000 - 0x00007ffd4b8c7000 	C:\WINDOWS\System32\OLEAUT32.dll
0x00007ffd420a0000 - 0x00007ffd420d2000 	C:\WINDOWS\SYSTEM32\dbgcore.DLL
0x00007ffd49f50000 - 0x00007ffd49fcb000 	C:\WINDOWS\System32\bcryptPrimitives.dll
0x00007ffd30e50000 - 0x00007ffd30e5e000 	c:\Users\wwhwa\.vscode\extensions\redhat.java-1.35.1-win32-x64\jre\17.0.12-win32-x86_64\bin\instrument.dll
0x00007ffd2a370000 - 0x00007ffd2a395000 	c:\Users\wwhwa\.vscode\extensions\redhat.java-1.35.1-win32-x64\jre\17.0.12-win32-x86_64\bin\java.dll
0x00007ffd40e40000 - 0x00007ffd40e58000 	c:\Users\wwhwa\.vscode\extensions\redhat.java-1.35.1-win32-x64\jre\17.0.12-win32-x86_64\bin\zip.dll
0x00007ffd4aae0000 - 0x00007ffd4b349000 	C:\WINDOWS\System32\SHELL32.dll
0x00007ffd47d80000 - 0x00007ffd4867f000 	C:\WINDOWS\SYSTEM32\windows.storage.dll
0x00007ffd47c40000 - 0x00007ffd47d7f000 	C:\WINDOWS\SYSTEM32\wintypes.dll
0x00007ffd4b690000 - 0x00007ffd4b789000 	C:\WINDOWS\System32\SHCORE.dll
0x00007ffd4b510000 - 0x00007ffd4b56e000 	C:\WINDOWS\System32\shlwapi.dll
0x00007ffd49d90000 - 0x00007ffd49db7000 	C:\WINDOWS\SYSTEM32\profapi.dll
0x00007ffd40e20000 - 0x00007ffd40e39000 	C:\Users\wwhwa\.vscode\extensions\redhat.java-1.35.1-win32-x64\jre\17.0.12-win32-x86_64\bin\net.dll
0x00007ffd45df0000 - 0x00007ffd45f26000 	C:\WINDOWS\SYSTEM32\WINHTTP.dll
0x00007ffd492d0000 - 0x00007ffd49339000 	C:\WINDOWS\system32\mswsock.dll
0x00007ffd40e00000 - 0x00007ffd40e16000 	C:\Users\wwhwa\.vscode\extensions\redhat.java-1.35.1-win32-x64\jre\17.0.12-win32-x86_64\bin\nio.dll
0x00007ffd40df0000 - 0x00007ffd40e00000 	c:\Users\wwhwa\.vscode\extensions\redhat.java-1.35.1-win32-x64\jre\17.0.12-win32-x86_64\bin\verify.dll
0x00007ffd31400000 - 0x00007ffd31445000 	C:\Users\wwhwa\AppData\Roaming\Code\User\globalStorage\redhat.java\1.35.1\config_win\org.eclipse.equinox.launcher\org.eclipse.equinox.launcher.win32.win32.x86_64_1.2.1100.v20240722-2106\eclipse_11904.dll
0x00007ffd4c6b0000 - 0x00007ffd4c855000 	C:\WINDOWS\System32\ole32.dll

dbghelp: loaded successfully - version: 4.0.5 - missing functions: none
symbol engine: initialized successfully - sym options: 0x614 - pdb path: .;c:\Users\wwhwa\.vscode\extensions\redhat.java-1.35.1-win32-x64\jre\17.0.12-win32-x86_64\bin;C:\WINDOWS\SYSTEM32;C:\WINDOWS\WinSxS\amd64_microsoft.windows.common-controls_6595b64144ccf1df_6.0.22621.3672_none_2713b9d173822955;c:\Users\wwhwa\.vscode\extensions\redhat.java-1.35.1-win32-x64\jre\17.0.12-win32-x86_64\bin\server;C:\Users\wwhwa\AppData\Roaming\Code\User\globalStorage\redhat.java\1.35.1\config_win\org.eclipse.equinox.launcher\org.eclipse.equinox.launcher.win32.win32.x86_64_1.2.1100.v20240722-2106

VM Arguments:
jvm_args: --add-modules=ALL-SYSTEM --add-opens=java.base/java.util=ALL-UNNAMED --add-opens=java.base/java.lang=ALL-UNNAMED --add-opens=java.base/sun.nio.fs=ALL-UNNAMED -Declipse.application=org.eclipse.jdt.ls.core.id1 -Dosgi.bundles.defaultStartLevel=4 -Declipse.product=org.eclipse.jdt.ls.core.product -Djava.import.generatesMetadataFilesAtProjectRoot=false -DDetectVMInstallationsJob.disabled=true -Dfile.encoding=utf8 -XX:+UseParallelGC -XX:GCTimeRatio=4 -XX:AdaptiveSizePolicyWeight=90 -Dsun.zip.disableMemoryMapping=true -Xmx1G -Xms100m -Xlog:disable -javaagent:c:\Users\wwhwa\.vscode\extensions\redhat.java-1.35.1-win32-x64\lombok\lombok-1.18.33.jar -XX:+HeapDumpOnOutOfMemoryError -XX:HeapDumpPath=c:\Users\wwhwa\AppData\Roaming\Code\User\workspaceStorage\cc8101a5b3efc4cd72cabb6bf9ff929c\redhat.java -Daether.dependencyCollector.impl=bf 
java_command: c:\Users\wwhwa\.vscode\extensions\redhat.java-1.35.1-win32-x64\server\plugins\org.eclipse.equinox.launcher_1.6.900.v20240613-2009.jar -configuration c:\Users\wwhwa\AppData\Roaming\Code\User\globalStorage\redhat.java\1.35.1\config_win -data c:\Users\wwhwa\AppData\Roaming\Code\User\workspaceStorage\cc8101a5b3efc4cd72cabb6bf9ff929c\redhat.java\jdt_ws --pipe=\\.\pipe\lsp-b10e6cae174b299ea6cd74f34710d69f-sock
java_class_path (initial): c:\Users\wwhwa\.vscode\extensions\redhat.java-1.35.1-win32-x64\server\plugins\org.eclipse.equinox.launcher_1.6.900.v20240613-2009.jar
Launcher Type: SUN_STANDARD

[Global flags]
    uintx AdaptiveSizePolicyWeight                 = 90                                        {product} {command line}
     intx CICompilerCount                          = 12                                        {product} {ergonomic}
    uintx GCTimeRatio                              = 4                                         {product} {command line}
     bool HeapDumpOnOutOfMemoryError               = true                                   {manageable} {command line}
    ccstr HeapDumpPath                             = c:\Users\wwhwa\AppData\Roaming\Code\User\workspaceStorage\cc8101a5b3efc4cd72cabb6bf9ff929c\redhat.java         {manageable} {command line}
   size_t InitialHeapSize                          = 104857600                                 {product} {command line}
   size_t MaxHeapSize                              = 1073741824                                {product} {command line}
   size_t MaxNewSize                               = 357564416                                 {product} {ergonomic}
   size_t MinHeapDeltaBytes                        = 524288                                    {product} {ergonomic}
   size_t MinHeapSize                              = 104857600                                 {product} {command line}
   size_t NewSize                                  = 34603008                                  {product} {ergonomic}
    uintx NonNMethodCodeHeapSize                   = 7602480                                {pd product} {ergonomic}
    uintx NonProfiledCodeHeapSize                  = 122027880                              {pd product} {ergonomic}
   size_t OldSize                                  = 70254592                                  {product} {ergonomic}
    uintx ProfiledCodeHeapSize                     = 122027880                              {pd product} {ergonomic}
    uintx ReservedCodeCacheSize                    = 251658240                              {pd product} {ergonomic}
     bool SegmentedCodeCache                       = true                                      {product} {ergonomic}
   size_t SoftMaxHeapSize                          = 1073741824                             {manageable} {ergonomic}
     bool UseCompressedClassPointers               = true                           {product lp64_product} {ergonomic}
     bool UseCompressedOops                        = true                           {product lp64_product} {ergonomic}
     bool UseLargePagesIndividualAllocation        = false                                  {pd product} {ergonomic}
     bool UseParallelGC                            = true                                      {product} {command line}

Logging:
Log output configuration:
 #0: stdout all=off uptime,level,tags
 #1: stderr all=off uptime,level,tags

Environment Variables:
PATH=C:\Program Files\apache-maven-3.9.9\bin;C:\Program Files\Common Files\Oracle\Java\javapath;C:\Python312\Scripts\;C:\Python312\;C:\WINDOWS\system32;C:\WINDOWS;C:\WINDOWS\System32\Wbem;C:\WINDOWS\System32\WindowsPowerShell\v1.0\;C:\WINDOWS\System32\OpenSSH\;C:\Users\wwhwa\miniconda3\;C:\Users\wwhwa\miniconda3\Scripts\;C:\Program Files\nodejs\;C:\ProgramData\chocolatey\bin;C:\Users\wwhwa\AppData\Local\Programs\Python\Python310\Scripts\;C:\Users\wwhwa\AppData\Local\Programs\Python\Python310\;C:\Users\wwhwa\AppData\Local\Programs\Python\Launcher\;C:\Users\wwhwa\AppData\Local\Microsoft\WindowsApps;C:\Users\wwhwa\AppData\Local\Programs\Microsoft VS Code\bin;C:\Users\wwhwa\AppData\Local\Microsoft\WinGet\Packages\Schniz.fnm_Microsoft.Winget.Source_8wekyb3d8bbwe;C:\Program Files\nodejs\npm;
USERNAME=Nouzen
OS=Windows_NT
PROCESSOR_IDENTIFIER=AMD64 Family 25 Model 80 Stepping 0, AuthenticAMD
TMP=C:\Users\wwhwa\AppData\Local\Temp
TEMP=C:\Users\wwhwa\AppData\Local\Temp



Periodic native trim disabled


---------------  S Y S T E M  ---------------

OS:
 Windows 11 , 64 bit Build 22621 (10.0.22621.3958)
OS uptime: 7 days 20:56 hours
Hyper-V role detected

CPU: total 16 (initial active 16) (16 cores per cpu, 2 threads per core) family 25 model 80 stepping 0 microcode 0x0, cx8, cmov, fxsr, ht, mmx, 3dnowpref, sse, sse2, sse3, ssse3, sse4a, sse4.1, sse4.2, popcnt, lzcnt, tsc, tscinvbit, avx, avx2, aes, erms, clmul, bmi1, bmi2, adx, sha, fma, vzeroupper, clflush, clflushopt, hv
Processor Information for all 16 processors :
  Max Mhz: 2000, Current Mhz: 2000, Mhz Limit: 2000

Memory: 4k page, system-wide physical 5996M (358M free)
TotalPageFile size 24428M (AvailPageFile size 1M)
current process WorkingSet (physical memory assigned to process): 68M, peak: 71M
current process commit charge ("private bytes"): 221M, peak: 222M

vm_info: OpenJDK 64-Bit Server VM (17.0.12+7) for windows-amd64 JRE (17.0.12+7), built on Jul 16 2024 22:08:24 by "admin" with MS VC++ 16.10 / 16.11 (VS2019)

END.
