#
# There is insufficient memory for the Java Runtime Environment to continue.
# Native memory allocation (malloc) failed to allocate 138576 bytes. Error detail: Chunk::new
# Possible reasons:
#   The system is out of physical RAM or swap space
#   This process is running with CompressedOops enabled, and the Java Heap may be blocking the growth of the native heap
# Possible solutions:
#   Reduce memory load on the system
#   Increase physical memory or swap space
#   Check if swap backing store is full
#   Decrease Java heap size (-Xmx/-Xms)
#   Decrease number of Java threads
#   Decrease Java thread stack sizes (-Xss)
#   Set larger code cache with -XX:ReservedCodeCacheSize=
#   JVM is running with Unscaled Compressed Oops mode in which the Java heap is
#     placed in the first 4GB address space. The Java Heap base address is the
#     maximum limit for the native heap growth. Please use -XX:HeapBaseMinAddress
#     to set the Java Heap base and to place the Java Heap above 4GB virtual address.
# This output file may be truncated or incomplete.
#
#  Out of Memory Error (arena.cpp:191), pid=23784, tid=28528
#
# JRE version: OpenJDK Runtime Environment Temurin-17.0.12+7 (17.0.12+7) (build 17.0.12+7)
# Java VM: OpenJDK 64-Bit Server VM Temurin-17.0.12+7 (17.0.12+7, mixed mode, tiered, compressed oops, compressed class ptrs, parallel gc, windows-amd64)
# No core dump will be written. Minidumps are not enabled by default on client versions of Windows
#

---------------  S U M M A R Y ------------

Command Line: --add-modules=ALL-SYSTEM --add-opens=java.base/java.util=ALL-UNNAMED --add-opens=java.base/java.lang=ALL-UNNAMED --add-opens=java.base/sun.nio.fs=ALL-UNNAMED -Declipse.application=org.eclipse.jdt.ls.core.id1 -Dosgi.bundles.defaultStartLevel=4 -Declipse.product=org.eclipse.jdt.ls.core.product -Djava.import.generatesMetadataFilesAtProjectRoot=false -DDetectVMInstallationsJob.disabled=true -Dfile.encoding=utf8 -XX:+UseParallelGC -XX:GCTimeRatio=4 -XX:AdaptiveSizePolicyWeight=90 -Dsun.zip.disableMemoryMapping=true -Xmx1G -Xms100m -Xlog:disable -javaagent:c:\Users\wwhwa\.vscode\extensions\redhat.java-1.35.1-win32-x64\lombok\lombok-1.18.33.jar c:\Users\wwhwa\.vscode\extensions\redhat.java-1.35.1-win32-x64\server\plugins\org.eclipse.equinox.launcher_1.6.900.v20240613-2009.jar -configuration c:\Users\wwhwa\AppData\Roaming\Code\User\globalStorage\redhat.java\1.35.1\config_ss_win -data c:\Users\wwhwa\AppData\Roaming\Code\User\workspaceStorage\cc8101a5b3efc4cd72cabb6bf9ff929c\redhat.java\ss_ws --pipe=\\.\pipe\lsp-e6f2b838103c0422e37bd86c1088be1c-sock

Host: AMD Ryzen 7 5825U with Radeon Graphics         , 16 cores, 5G,  Windows 11 , 64 bit Build 22621 (10.0.22621.3958)
Time: Thu Oct 17 20:33:03 2024  Windows 11 , 64 bit Build 22621 (10.0.22621.3958) elapsed time: 13.427489 seconds (0d 0h 0m 13s)

---------------  T H R E A D  ---------------

Current thread (0x000002261e450040):  JavaThread "C2 CompilerThread0" daemon [_thread_in_native, id=28528, stack(0x00000077ab000000,0x00000077ab100000)]


Current CompileTask:
C2:  13427 1866 %     4       java.io.DataInputStream::readUTF @ 92 (501 bytes)

Stack: [0x00000077ab000000,0x00000077ab100000]
Native frames: (J=compiled Java code, j=interpreted, Vv=VM code, C=native code)
V  [jvm.dll+0x67f929]
V  [jvm.dll+0x8371ba]
V  [jvm.dll+0x838c7e]
V  [jvm.dll+0x8392e3]
V  [jvm.dll+0x24834f]
V  [jvm.dll+0xac9d4]
V  [jvm.dll+0xad01c]
V  [jvm.dll+0x367452]
V  [jvm.dll+0x33197a]
V  [jvm.dll+0x330e1a]
V  [jvm.dll+0x21a8b1]
V  [jvm.dll+0x219cf1]
V  [jvm.dll+0x1a58bd]
V  [jvm.dll+0x229a2d]
V  [jvm.dll+0x227bdc]
V  [jvm.dll+0x7ec1f7]
V  [jvm.dll+0x7e65dc]
V  [jvm.dll+0x67e7f7]
C  [ucrtbase.dll+0x29333]
C  [KERNEL32.DLL+0x1257d]
C  [ntdll.dll+0x5af08]


---------------  P R O C E S S  ---------------

Threads class SMR info:
_java_thread_list=0x000002262087fdc0, length=18, elements={
0x00000226034c9440, 0x00000226192a4010, 0x00000226192a5630, 0x00000226192ad2e0,
0x00000226192ae070, 0x000002261e447000, 0x000002261e44a4e0, 0x000002261e450040,
0x000002261e463a60, 0x000002261e474be0, 0x000002261e574250, 0x000002262057e210,
0x0000022620c3e4d0, 0x0000022620b02130, 0x0000022620bff050, 0x0000022620b45890,
0x0000022620720030, 0x0000022620660c80
}

Java Threads: ( => current thread )
  0x00000226034c9440 JavaThread "main" [_thread_blocked, id=29640, stack(0x00000077aa700000,0x00000077aa800000)]
  0x00000226192a4010 JavaThread "Reference Handler" daemon [_thread_blocked, id=26096, stack(0x00000077aaa00000,0x00000077aab00000)]
  0x00000226192a5630 JavaThread "Finalizer" daemon [_thread_blocked, id=2916, stack(0x00000077aab00000,0x00000077aac00000)]
  0x00000226192ad2e0 JavaThread "Signal Dispatcher" daemon [_thread_blocked, id=7452, stack(0x00000077aac00000,0x00000077aad00000)]
  0x00000226192ae070 JavaThread "Attach Listener" daemon [_thread_blocked, id=14840, stack(0x00000077aad00000,0x00000077aae00000)]
  0x000002261e447000 JavaThread "Service Thread" daemon [_thread_blocked, id=15048, stack(0x00000077aae00000,0x00000077aaf00000)]
  0x000002261e44a4e0 JavaThread "Monitor Deflation Thread" daemon [_thread_blocked, id=30452, stack(0x00000077aaf00000,0x00000077ab000000)]
=>0x000002261e450040 JavaThread "C2 CompilerThread0" daemon [_thread_in_native, id=28528, stack(0x00000077ab000000,0x00000077ab100000)]
  0x000002261e463a60 JavaThread "C1 CompilerThread0" daemon [_thread_blocked, id=26580, stack(0x00000077ab100000,0x00000077ab200000)]
  0x000002261e474be0 JavaThread "Sweeper thread" daemon [_thread_blocked, id=29836, stack(0x00000077ab200000,0x00000077ab300000)]
  0x000002261e574250 JavaThread "Common-Cleaner" daemon [_thread_blocked, id=19344, stack(0x00000077ab300000,0x00000077ab400000)]
  0x000002262057e210 JavaThread "Notification Thread" daemon [_thread_blocked, id=10156, stack(0x00000077ab400000,0x00000077ab500000)]
  0x0000022620c3e4d0 JavaThread "Active Thread: Equinox Container: 002558d1-6b16-4474-82ad-ebf7efe99b6b" [_thread_blocked, id=30944, stack(0x00000077abc00000,0x00000077abd00000)]
  0x0000022620b02130 JavaThread "Framework Event Dispatcher: Equinox Container: 002558d1-6b16-4474-82ad-ebf7efe99b6b" daemon [_thread_blocked, id=28008, stack(0x00000077abd00000,0x00000077abe00000)]
  0x0000022620bff050 JavaThread "Start Level: Equinox Container: 002558d1-6b16-4474-82ad-ebf7efe99b6b" daemon [_thread_in_native, id=10724, stack(0x00000077abe00000,0x00000077abf00000)]
  0x0000022620b45890 JavaThread "SCR Component Actor" daemon [_thread_blocked, id=29536, stack(0x00000077abf00000,0x00000077ac000000)]
  0x0000022620720030 JavaThread "C1 CompilerThread1" daemon [_thread_blocked, id=27824, stack(0x00000077ac100000,0x00000077ac200000)]
  0x0000022620660c80 JavaThread "SCR Component Registry" daemon [_thread_blocked, id=31148, stack(0x00000077ac200000,0x00000077ac300000)]

Other Threads:
  0x0000022603575b20 VMThread "VM Thread" [stack: 0x00000077aa900000,0x00000077aaa00000] [id=13956]
  0x0000022620493650 WatcherThread [stack: 0x00000077ab500000,0x00000077ab600000] [id=18180]
  0x00000226034e0050 GCTaskThread "GC Thread#0" [stack: 0x00000077aa800000,0x00000077aa900000] [id=13912]
  0x00000226207f1770 GCTaskThread "GC Thread#1" [stack: 0x00000077ab600000,0x00000077ab700000] [id=13964]
  0x00000226207f1e40 GCTaskThread "GC Thread#2" [stack: 0x00000077ab700000,0x00000077ab800000] [id=14788]
  0x0000022620726490 GCTaskThread "GC Thread#3" [stack: 0x00000077ab800000,0x00000077ab900000] [id=27996]
  0x0000022620726750 GCTaskThread "GC Thread#4" [stack: 0x00000077ab900000,0x00000077aba00000] [id=4624]
  0x0000022620729740 GCTaskThread "GC Thread#5" [stack: 0x00000077aba00000,0x00000077abb00000] [id=2732]
  0x0000022620729a00 GCTaskThread "GC Thread#6" [stack: 0x00000077abb00000,0x00000077abc00000] [id=2496]
  0x000002261e5ffce0 GCTaskThread "GC Thread#7" [stack: 0x00000077ac000000,0x00000077ac100000] [id=6332]

Threads with active compile tasks:
C2 CompilerThread0    13467 1866 %     4       java.io.DataInputStream::readUTF @ 92 (501 bytes)

VM state: not at safepoint (normal execution)

VM Mutex/Monitor currently owned by a thread: None

Heap address: 0x00000000c0000000, size: 1024 MB, Compressed Oops mode: 32-bit

CDS archive(s) not mapped
Compressed class space mapped at: 0x0000000100000000-0x0000000140000000, reserved size: 1073741824
Narrow klass base: 0x0000000000000000, Narrow klass shift: 3, Narrow klass range: 0x140000000

GC Precious Log:
 CPUs: 16 total, 16 available
 Memory: 5996M
 Large Page Support: Disabled
 NUMA Support: Disabled
 Compressed Oops: Enabled (32-bit)
 Alignments: Space 512K, Generation 512K, Heap 2M
 Heap Min Capacity: 100M
 Heap Initial Capacity: 100M
 Heap Max Capacity: 1G
 Pre-touch: Disabled
 Parallel Workers: 13

Heap:
 PSYoungGen      total 29696K, used 18310K [0x00000000eab00000, 0x00000000ecc00000, 0x0000000100000000)
  eden space 25600K, 55% used [0x00000000eab00000,0x00000000eb8e89a0,0x00000000ec400000)
  from space 4096K, 99% used [0x00000000ec800000,0x00000000ecbf8ff0,0x00000000ecc00000)
  to   space 4096K, 0% used [0x00000000ec400000,0x00000000ec400000,0x00000000ec800000)
 ParOldGen       total 68608K, used 798K [0x00000000c0000000, 0x00000000c4300000, 0x00000000eab00000)
  object space 68608K, 1% used [0x00000000c0000000,0x00000000c00c7b60,0x00000000c4300000)
 Metaspace       used 17361K, committed 17664K, reserved 1114112K
  class space    used 1779K, committed 1920K, reserved 1048576K

Card table byte_map: [0x0000022616b20000,0x0000022616d30000] _byte_map_base: 0x0000022616520000

Marking Bits: (ParMarkBitMap*) 0x00007ffce12958b0
 Begin Bits: [0x0000022616e90000, 0x0000022617e90000)
 End Bits:   [0x0000022617e90000, 0x0000022618e90000)

Polling page: 0x0000022603580000

Metaspace:

Usage:
  Non-class:     15.22 MB used.
      Class:      1.74 MB used.
       Both:     16.96 MB used.

Virtual space:
  Non-class space:       64.00 MB reserved,      15.38 MB ( 24%) committed,  1 nodes.
      Class space:        1.00 GB reserved,       1.88 MB ( <1%) committed,  1 nodes.
             Both:        1.06 GB reserved,      17.25 MB (  2%) committed. 

Chunk freelists:
   Non-Class:  234.00 KB
       Class:  14.17 MB
        Both:  14.40 MB

MaxMetaspaceSize: unlimited
CompressedClassSpaceSize: 1.00 GB
Initial GC threshold: 21.00 MB
Current GC threshold: 21.00 MB
CDS: off
MetaspaceReclaimPolicy: balanced
 - commit_granule_bytes: 65536.
 - commit_granule_words: 8192.
 - virtual_space_node_default_size: 8388608.
 - enlarge_chunks_in_place: 1.
 - new_chunks_are_fully_committed: 0.
 - uncommit_free_chunks: 1.
 - use_allocation_guard: 0.
 - handle_deallocations: 1.


Internal statistics:

num_allocs_failed_limit: 0.
num_arena_births: 146.
num_arena_deaths: 0.
num_vsnodes_births: 2.
num_vsnodes_deaths: 0.
num_space_committed: 276.
num_space_uncommitted: 0.
num_chunks_returned_to_freelist: 0.
num_chunks_taken_from_freelist: 460.
num_chunk_merges: 0.
num_chunk_splits: 301.
num_chunks_enlarged: 216.
num_inconsistent_stats: 0.

CodeHeap 'non-profiled nmethods': size=119168Kb used=711Kb max_used=711Kb free=118456Kb
 bounds [0x000002260f4d0000, 0x000002260f740000, 0x0000022616930000]
CodeHeap 'profiled nmethods': size=119104Kb used=3689Kb max_used=3689Kb free=115414Kb
 bounds [0x0000022607930000, 0x0000022607cd0000, 0x000002260ed80000]
CodeHeap 'non-nmethods': size=7488Kb used=1735Kb max_used=1750Kb free=5752Kb
 bounds [0x000002260ed80000, 0x000002260eff0000, 0x000002260f4d0000]
 total_blobs=2398 nmethods=1927 adapters=384
 compilation: enabled
              stopped_count=0, restarted_count=0
 full_count=0

Compilation events (20 events):
Event: 13.404 Thread 0x000002261e463a60 nmethod 1857 0x0000022607ca1c90 code [0x0000022607ca2040, 0x0000022607ca3cf8]
Event: 13.405 Thread 0x0000022620720030 nmethod 1860 0x0000022607ca4b10 code [0x0000022607ca4cc0, 0x0000022607ca4fc8]
Event: 13.405 Thread 0x0000022620720030 1861   !   3       org.eclipse.osgi.internal.weaving.WovenClassImpl::callHooks (410 bytes)
Event: 13.405 Thread 0x000002261e463a60 1862   !   3       org.eclipse.osgi.internal.loader.ModuleClassLoader::defineClass (138 bytes)
Event: 13.406 Thread 0x000002261e463a60 nmethod 1862 0x0000022607ca5110 code [0x0000022607ca53c0, 0x0000022607ca6168]
Event: 13.406 Thread 0x000002261e463a60 1863   !   3       org.eclipse.osgi.internal.loader.ModuleClassLoader::unlockClassName (34 bytes)
Event: 13.406 Thread 0x000002261e450040 nmethod 1849 0x000002260f57e210 code [0x000002260f57e380, 0x000002260f57e538]
Event: 13.406 Thread 0x000002261e463a60 nmethod 1863 0x0000022607ca6910 code [0x0000022607ca6ac0, 0x0000022607ca6db8]
Event: 13.407 Thread 0x0000022620720030 nmethod 1861 0x0000022607ca6f90 code [0x0000022607ca7360, 0x0000022607ca8f78]
Event: 13.408 Thread 0x0000022620720030 1864       3       org.eclipse.core.internal.registry.BufferedRandomInputStream::read (41 bytes)
Event: 13.408 Thread 0x000002261e450040 1865       4       java.io.DataInputStream::readByte (6 bytes)
Event: 13.408 Thread 0x0000022620720030 nmethod 1864 0x0000022607ca9a10 code [0x0000022607ca9bc0, 0x0000022607ca9de8]
Event: 13.411 Thread 0x000002261e463a60 1868       3       jdk.internal.org.objectweb.asm.Type::getReturnTypeOffset (64 bytes)
Event: 13.413 Thread 0x000002261e463a60 nmethod 1868 0x0000022607ca9f10 code [0x0000022607caa240, 0x0000022607cab618]
Event: 13.413 Thread 0x000002261e450040 nmethod 1865 0x000002260f57e610 code [0x000002260f57e7c0, 0x000002260f57ec98]
Event: 13.413 Thread 0x000002261e450040 1866 %     4       java.io.DataInputStream::readUTF @ 92 (501 bytes)
Event: 13.413 Thread 0x000002261e463a60 1870       3       java.lang.invoke.InvokerBytecodeGenerator::emitReferenceCast (185 bytes)
Event: 13.413 Thread 0x0000022620720030 1871       3       java.lang.reflect.Modifier::isPrivate (12 bytes)
Event: 13.414 Thread 0x0000022620720030 nmethod 1871 0x0000022607cabd90 code [0x0000022607cabf20, 0x0000022607cac078]
Event: 13.414 Thread 0x000002261e463a60 nmethod 1870 0x0000022607cac110 code [0x0000022607cac3c0, 0x0000022607cad008]

GC Heap History (4 events):
Event: 2.494 GC heap before
{Heap before GC invocations=1 (full 0):
 PSYoungGen      total 29696K, used 25600K [0x00000000eab00000, 0x00000000ecc00000, 0x0000000100000000)
  eden space 25600K, 100% used [0x00000000eab00000,0x00000000ec400000,0x00000000ec400000)
  from space 4096K, 0% used [0x00000000ec800000,0x00000000ec800000,0x00000000ecc00000)
  to   space 4096K, 0% used [0x00000000ec400000,0x00000000ec400000,0x00000000ec800000)
 ParOldGen       total 68608K, used 0K [0x00000000c0000000, 0x00000000c4300000, 0x00000000eab00000)
  object space 68608K, 0% used [0x00000000c0000000,0x00000000c0000000,0x00000000c4300000)
 Metaspace       used 10948K, committed 11072K, reserved 1114112K
  class space    used 1085K, committed 1152K, reserved 1048576K
}
Event: 2.552 GC heap after
{Heap after GC invocations=1 (full 0):
 PSYoungGen      total 29696K, used 3172K [0x00000000eab00000, 0x00000000ecc00000, 0x0000000100000000)
  eden space 25600K, 0% used [0x00000000eab00000,0x00000000eab00000,0x00000000ec400000)
  from space 4096K, 77% used [0x00000000ec400000,0x00000000ec719340,0x00000000ec800000)
  to   space 4096K, 0% used [0x00000000ec800000,0x00000000ec800000,0x00000000ecc00000)
 ParOldGen       total 68608K, used 16K [0x00000000c0000000, 0x00000000c4300000, 0x00000000eab00000)
  object space 68608K, 0% used [0x00000000c0000000,0x00000000c0004000,0x00000000c4300000)
 Metaspace       used 10948K, committed 11072K, reserved 1114112K
  class space    used 1085K, committed 1152K, reserved 1048576K
}
Event: 13.106 GC heap before
{Heap before GC invocations=2 (full 0):
 PSYoungGen      total 29696K, used 28772K [0x00000000eab00000, 0x00000000ecc00000, 0x0000000100000000)
  eden space 25600K, 100% used [0x00000000eab00000,0x00000000ec400000,0x00000000ec400000)
  from space 4096K, 77% used [0x00000000ec400000,0x00000000ec719340,0x00000000ec800000)
  to   space 4096K, 0% used [0x00000000ec800000,0x00000000ec800000,0x00000000ecc00000)
 ParOldGen       total 68608K, used 16K [0x00000000c0000000, 0x00000000c4300000, 0x00000000eab00000)
  object space 68608K, 0% used [0x00000000c0000000,0x00000000c0004000,0x00000000c4300000)
 Metaspace       used 14616K, committed 14784K, reserved 1114112K
  class space    used 1469K, committed 1536K, reserved 1048576K
}
Event: 13.115 GC heap after
{Heap after GC invocations=2 (full 0):
 PSYoungGen      total 29696K, used 4067K [0x00000000eab00000, 0x00000000ecc00000, 0x0000000100000000)
  eden space 25600K, 0% used [0x00000000eab00000,0x00000000eab00000,0x00000000ec400000)
  from space 4096K, 99% used [0x00000000ec800000,0x00000000ecbf8ff0,0x00000000ecc00000)
  to   space 4096K, 0% used [0x00000000ec400000,0x00000000ec400000,0x00000000ec800000)
 ParOldGen       total 68608K, used 798K [0x00000000c0000000, 0x00000000c4300000, 0x00000000eab00000)
  object space 68608K, 1% used [0x00000000c0000000,0x00000000c00c7b60,0x00000000c4300000)
 Metaspace       used 14616K, committed 14784K, reserved 1114112K
  class space    used 1469K, committed 1536K, reserved 1048576K
}

Dll operation events (9 events):
Event: 0.054 Loaded shared library c:\Users\wwhwa\.vscode\extensions\redhat.java-1.35.1-win32-x64\jre\17.0.12-win32-x86_64\bin\java.dll
Event: 0.544 Loaded shared library c:\Users\wwhwa\.vscode\extensions\redhat.java-1.35.1-win32-x64\jre\17.0.12-win32-x86_64\bin\zip.dll
Event: 0.553 Loaded shared library C:\Users\wwhwa\.vscode\extensions\redhat.java-1.35.1-win32-x64\jre\17.0.12-win32-x86_64\bin\instrument.dll
Event: 0.585 Loaded shared library C:\Users\wwhwa\.vscode\extensions\redhat.java-1.35.1-win32-x64\jre\17.0.12-win32-x86_64\bin\net.dll
Event: 0.592 Loaded shared library C:\Users\wwhwa\.vscode\extensions\redhat.java-1.35.1-win32-x64\jre\17.0.12-win32-x86_64\bin\nio.dll
Event: 0.641 Loaded shared library C:\Users\wwhwa\.vscode\extensions\redhat.java-1.35.1-win32-x64\jre\17.0.12-win32-x86_64\bin\zip.dll
Event: 0.717 Loaded shared library C:\Users\wwhwa\.vscode\extensions\redhat.java-1.35.1-win32-x64\jre\17.0.12-win32-x86_64\bin\jimage.dll
Event: 0.850 Loaded shared library c:\Users\wwhwa\.vscode\extensions\redhat.java-1.35.1-win32-x64\jre\17.0.12-win32-x86_64\bin\verify.dll
Event: 13.007 Loaded shared library C:\Users\wwhwa\AppData\Roaming\Code\User\globalStorage\redhat.java\1.35.1\config_ss_win\org.eclipse.equinox.launcher\org.eclipse.equinox.launcher.win32.win32.x86_64_1.2.1100.v20240722-2106\eclipse_11904.dll

Deoptimization events (20 events):
Event: 13.406 Thread 0x0000022620bff050 Uncommon trap: trap_request=0xffffffde fr.pc=0x000002260f535ab0 relative=0x0000000000001330
Event: 13.406 Thread 0x0000022620bff050 Uncommon trap: reason=class_check action=maybe_recompile pc=0x000002260f535ab0 method=java.io.DataInputStream.readUnsignedShort()I @ 6 c2
Event: 13.406 Thread 0x0000022620bff050 DEOPT PACKING pc=0x000002260f535ab0 sp=0x00000077abefb860
Event: 13.406 Thread 0x0000022620bff050 DEOPT UNPACKING pc=0x000002260edd66a3 sp=0x00000077abefb7e0 mode 2
Event: 13.407 Thread 0x0000022620bff050 Uncommon trap: trap_request=0xffffffde fr.pc=0x000002260f539d34 relative=0x0000000000000294
Event: 13.407 Thread 0x0000022620bff050 Uncommon trap: reason=class_check action=maybe_recompile pc=0x000002260f539d34 method=java.io.DataInputStream.readUnsignedByte()I @ 4 c2
Event: 13.407 Thread 0x0000022620bff050 DEOPT PACKING pc=0x000002260f539d34 sp=0x00000077abefb9b0
Event: 13.407 Thread 0x0000022620bff050 DEOPT UNPACKING pc=0x000002260edd66a3 sp=0x00000077abefb908 mode 2
Event: 13.407 Thread 0x0000022620bff050 Uncommon trap: trap_request=0xffffffde fr.pc=0x000002260f539d34 relative=0x0000000000000294
Event: 13.407 Thread 0x0000022620bff050 Uncommon trap: reason=class_check action=maybe_recompile pc=0x000002260f539d34 method=java.io.DataInputStream.readUnsignedByte()I @ 4 c2
Event: 13.407 Thread 0x0000022620bff050 DEOPT PACKING pc=0x000002260f539d34 sp=0x00000077abefb9b0
Event: 13.407 Thread 0x0000022620bff050 DEOPT UNPACKING pc=0x000002260edd66a3 sp=0x00000077abefb908 mode 2
Event: 13.407 Thread 0x0000022620bff050 Uncommon trap: trap_request=0xffffffde fr.pc=0x000002260f535ab0 relative=0x0000000000001330
Event: 13.407 Thread 0x0000022620bff050 Uncommon trap: reason=class_check action=maybe_recompile pc=0x000002260f535ab0 method=java.io.DataInputStream.readUnsignedShort()I @ 6 c2
Event: 13.407 Thread 0x0000022620bff050 DEOPT PACKING pc=0x000002260f535ab0 sp=0x00000077abefb860
Event: 13.407 Thread 0x0000022620bff050 DEOPT UNPACKING pc=0x000002260edd66a3 sp=0x00000077abefb7e0 mode 2
Event: 13.407 Thread 0x0000022620bff050 Uncommon trap: trap_request=0xffffffde fr.pc=0x000002260f535ab0 relative=0x0000000000001330
Event: 13.407 Thread 0x0000022620bff050 Uncommon trap: reason=class_check action=maybe_recompile pc=0x000002260f535ab0 method=java.io.DataInputStream.readUnsignedShort()I @ 6 c2
Event: 13.407 Thread 0x0000022620bff050 DEOPT PACKING pc=0x000002260f535ab0 sp=0x00000077abefb860
Event: 13.407 Thread 0x0000022620bff050 DEOPT UNPACKING pc=0x000002260edd66a3 sp=0x00000077abefb7e0 mode 2

Classes loaded (20 events):
Event: 13.211 Loading class java/util/TaskQueue
Event: 13.211 Loading class java/util/TaskQueue done
Event: 13.211 Loading class java/util/TimerThread
Event: 13.211 Loading class java/util/TimerThread done
Event: 13.211 Loading class java/util/Timer$ThreadReaper
Event: 13.211 Loading class java/util/Timer$ThreadReaper done
Event: 13.225 Loading class java/util/concurrent/locks/ReentrantLock$FairSync
Event: 13.225 Loading class java/util/concurrent/locks/ReentrantLock$FairSync done
Event: 13.227 Loading class java/util/Collections$ReverseComparator
Event: 13.227 Loading class java/util/Collections$ReverseComparator done
Event: 13.285 Loading class java/lang/CloneNotSupportedException
Event: 13.285 Loading class java/lang/CloneNotSupportedException done
Event: 13.363 Loading class java/util/TreeMap$Values
Event: 13.363 Loading class java/util/TreeMap$Values done
Event: 13.363 Loading class java/util/TreeMap$ValueIterator
Event: 13.363 Loading class java/util/TreeMap$ValueIterator done
Event: 13.382 Loading class java/nio/file/NoSuchFileException
Event: 13.382 Loading class java/nio/file/FileSystemException
Event: 13.382 Loading class java/nio/file/FileSystemException done
Event: 13.382 Loading class java/nio/file/NoSuchFileException done

Classes unloaded (0 events):
No events

Classes redefined (0 events):
No events

Internal exceptions (20 events):
Event: 2.274 Thread 0x00000226034c9440 Exception <a 'java/lang/ClassNotFoundException'{0x00000000ec1041d0}: sun/net/www/protocol/c/Handler> (0x00000000ec1041d0) 
thrown [s\src\hotspot\share\classfile\systemDictionary.cpp, line 256]
Event: 2.275 Thread 0x00000226034c9440 Exception <a 'java/lang/ClassNotFoundException'{0x00000000ec105548}: sun/net/www/protocol/c/Handler> (0x00000000ec105548) 
thrown [s\src\hotspot\share\classfile\systemDictionary.cpp, line 256]
Event: 2.275 Thread 0x00000226034c9440 Exception <a 'java/lang/ClassNotFoundException'{0x00000000ec106718}: sun/net/www/protocol/c/Handler> (0x00000000ec106718) 
thrown [s\src\hotspot\share\classfile\systemDictionary.cpp, line 256]
Event: 2.306 Thread 0x00000226034c9440 Exception <a 'java/io/FileNotFoundException'{0x00000000ec12af20}> (0x00000000ec12af20) 
thrown [s\src\hotspot\share\prims\jni.cpp, line 516]
Event: 2.408 Thread 0x00000226034c9440 Implicit null exception at 0x000002260f515f5b to 0x000002260f516928
Event: 2.409 Thread 0x00000226034c9440 Implicit null exception at 0x000002260f51730e to 0x000002260f51754c
Event: 2.409 Thread 0x00000226034c9440 Implicit null exception at 0x000002260f4deb0f to 0x000002260f4deb85
Event: 2.573 Thread 0x00000226034c9440 Exception <a 'java/lang/NoSuchMethodError'{0x00000000eab0f678}: 'int java.lang.invoke.DirectMethodHandle$Holder.invokeStaticInit(java.lang.Object, java.lang.Object, java.lang.Object, java.lang.Object)'> (0x00000000eab0f678) 
thrown [s\src\hotspot\share\interpreter\linkResolver.cpp, line 759]
Event: 2.576 Thread 0x00000226034c9440 Exception <a 'java/lang/NoSuchMethodError'{0x00000000eab19de0}: 'java.lang.Object java.lang.invoke.DirectMethodHandle$Holder.invokeInterface(java.lang.Object, java.lang.Object)'> (0x00000000eab19de0) 
thrown [s\src\hotspot\share\interpreter\linkResolver.cpp, line 759]
Event: 2.577 Thread 0x00000226034c9440 Exception <a 'java/lang/IncompatibleClassChangeError'{0x00000000eab1d5d8}: Found class java.lang.Object, but interface was expected> (0x00000000eab1d5d8) 
thrown [s\src\hotspot\share\interpreter\linkResolver.cpp, line 826]
Event: 2.578 Thread 0x00000226034c9440 Exception <a 'java/lang/NoSuchMethodError'{0x00000000eab21ab8}: 'void java.lang.invoke.DirectMethodHandle$Holder.invokeStatic(java.lang.Object, java.lang.Object)'> (0x00000000eab21ab8) 
thrown [s\src\hotspot\share\interpreter\linkResolver.cpp, line 759]
Event: 2.579 Thread 0x00000226034c9440 Exception <a 'java/lang/NoSuchMethodError'{0x00000000eab252b8}: 'void java.lang.invoke.DirectMethodHandle$Holder.invokeStaticInit(java.lang.Object, java.lang.Object)'> (0x00000000eab252b8) 
thrown [s\src\hotspot\share\interpreter\linkResolver.cpp, line 759]
Event: 2.582 Thread 0x00000226034c9440 Exception <a 'java/lang/NoSuchMethodError'{0x00000000eab2c7b8}: 'int java.lang.invoke.DirectMethodHandle$Holder.invokeStaticInit(java.lang.Object, java.lang.Object)'> (0x00000000eab2c7b8) 
thrown [s\src\hotspot\share\interpreter\linkResolver.cpp, line 759]
Event: 3.027 Thread 0x00000226034c9440 Exception <a 'java/lang/NoSuchMethodError'{0x00000000eac98378}: 'void java.lang.invoke.DirectMethodHandle$Holder.invokeSpecial(java.lang.Object, java.lang.Object, java.lang.Object)'> (0x00000000eac98378) 
thrown [s\src\hotspot\share\interpreter\linkResolver.cpp, line 759]
Event: 3.442 Thread 0x00000226034c9440 Exception <a 'java/lang/NoSuchMethodError'{0x00000000eb9baf18}: 'java.lang.Object java.lang.invoke.DirectMethodHandle$Holder.newInvokeSpecial(java.lang.Object, int, java.lang.Object)'> (0x00000000eb9baf18) 
thrown [s\src\hotspot\share\interpreter\linkResolver.cpp, line 759]
Event: 12.997 Thread 0x00000226034c9440 Exception <a 'java/lang/UnsatisfiedLinkError'{0x00000000ebfa3a70}: 'void org.eclipse.equinox.launcher.JNIBridge._update_splash()'> (0x00000000ebfa3a70) 
thrown [s\src\hotspot\share\prims\nativeLookup.cpp, line 543]
Event: 13.058 Thread 0x0000022620bff050 Exception <a 'java/lang/NoSuchMethodError'{0x00000000ec2948b0}: 'java.lang.Object java.lang.invoke.DirectMethodHandle$Holder.invokeStaticInit(java.lang.Object)'> (0x00000000ec2948b0) 
thrown [s\src\hotspot\share\interpreter\linkResolver.cpp, line 759]
Event: 13.104 Thread 0x0000022620bff050 Exception <a 'java/lang/NullPointerException'{0x00000000ec3dbcb8}> (0x00000000ec3dbcb8) 
thrown [s\src\hotspot\share\interpreter\linkResolver.cpp, line 1350]
Event: 13.104 Thread 0x0000022620bff050 Exception <a 'java/lang/NullPointerException'{0x00000000ec3dbf90}> (0x00000000ec3dbf90) 
thrown [s\src\hotspot\share\interpreter\linkResolver.cpp, line 1350]
Event: 13.394 Thread 0x0000022620bff050 Exception <a 'java/io/FileNotFoundException'{0x00000000eb6cc160}> (0x00000000eb6cc160) 
thrown [s\src\hotspot\share\prims\jni.cpp, line 516]

VM Operations (20 events):
Event: 2.225 Executing VM operation: HandshakeAllThreads
Event: 2.225 Executing VM operation: HandshakeAllThreads done
Event: 2.493 Executing VM operation: ParallelGCFailedAllocation
Event: 2.552 Executing VM operation: ParallelGCFailedAllocation done
Event: 3.399 Executing VM operation: HandshakeAllThreads
Event: 3.399 Executing VM operation: HandshakeAllThreads done
Event: 3.399 Executing VM operation: HandshakeAllThreads
Event: 3.399 Executing VM operation: HandshakeAllThreads done
Event: 3.410 Executing VM operation: HandshakeAllThreads
Event: 3.410 Executing VM operation: HandshakeAllThreads done
Event: 3.434 Executing VM operation: HandshakeAllThreads
Event: 3.434 Executing VM operation: HandshakeAllThreads done
Event: 4.472 Executing VM operation: Cleanup
Event: 4.472 Executing VM operation: Cleanup done
Event: 13.098 Executing VM operation: HandshakeAllThreads
Event: 13.098 Executing VM operation: HandshakeAllThreads done
Event: 13.098 Executing VM operation: Cleanup
Event: 13.099 Executing VM operation: Cleanup done
Event: 13.106 Executing VM operation: ParallelGCFailedAllocation
Event: 13.115 Executing VM operation: ParallelGCFailedAllocation done

Events (18 events):
Event: 0.185 Thread 0x00000226034c9440 Thread added: 0x00000226034c9440
Event: 0.220 Thread 0x00000226192a4010 Thread added: 0x00000226192a4010
Event: 0.220 Thread 0x00000226192a5630 Thread added: 0x00000226192a5630
Event: 0.280 Thread 0x00000226192ad2e0 Thread added: 0x00000226192ad2e0
Event: 0.280 Thread 0x00000226192ae070 Thread added: 0x00000226192ae070
Event: 0.280 Thread 0x000002261e447000 Thread added: 0x000002261e447000
Event: 0.280 Thread 0x000002261e44a4e0 Thread added: 0x000002261e44a4e0
Event: 0.281 Thread 0x000002261e450040 Thread added: 0x000002261e450040
Event: 0.283 Thread 0x000002261e463a60 Thread added: 0x000002261e463a60
Event: 0.283 Thread 0x000002261e474be0 Thread added: 0x000002261e474be0
Event: 0.453 Thread 0x000002261e574250 Thread added: 0x000002261e574250
Event: 1.065 Thread 0x000002262057e210 Thread added: 0x000002262057e210
Event: 3.382 Thread 0x0000022620c3e4d0 Thread added: 0x0000022620c3e4d0
Event: 12.988 Thread 0x0000022620b02130 Thread added: 0x0000022620b02130
Event: 12.995 Thread 0x0000022620bff050 Thread added: 0x0000022620bff050
Event: 13.042 Thread 0x0000022620b45890 Thread added: 0x0000022620b45890
Event: 13.137 Thread 0x0000022620720030 Thread added: 0x0000022620720030
Event: 13.211 Thread 0x0000022620660c80 Thread added: 0x0000022620660c80


Dynamic libraries:
0x00007ff7895f0000 - 0x00007ff7895fe000 	c:\Users\wwhwa\.vscode\extensions\redhat.java-1.35.1-win32-x64\jre\17.0.12-win32-x86_64\bin\java.exe
0x00007ffd4cb50000 - 0x00007ffd4cd67000 	C:\WINDOWS\SYSTEM32\ntdll.dll
0x00007ffd4bcd0000 - 0x00007ffd4bd94000 	C:\WINDOWS\System32\KERNEL32.DLL
0x00007ffd4a370000 - 0x00007ffd4a727000 	C:\WINDOWS\System32\KERNELBASE.dll
0x00007ffd49fd0000 - 0x00007ffd4a0e1000 	C:\WINDOWS\System32\ucrtbase.dll
0x00007ffd31580000 - 0x00007ffd3159b000 	c:\Users\wwhwa\.vscode\extensions\redhat.java-1.35.1-win32-x64\jre\17.0.12-win32-x86_64\bin\VCRUNTIME140.dll
0x00007ffd304e0000 - 0x00007ffd304f7000 	c:\Users\wwhwa\.vscode\extensions\redhat.java-1.35.1-win32-x64\jre\17.0.12-win32-x86_64\bin\jli.dll
0x00007ffd4c860000 - 0x00007ffd4ca0f000 	C:\WINDOWS\System32\USER32.dll
0x00007ffd49f20000 - 0x00007ffd49f46000 	C:\WINDOWS\System32\win32u.dll
0x00007ffd35420000 - 0x00007ffd356b3000 	C:\WINDOWS\WinSxS\amd64_microsoft.windows.common-controls_6595b64144ccf1df_6.0.22621.3672_none_2713b9d173822955\COMCTL32.dll
0x00007ffd4a940000 - 0x00007ffd4a969000 	C:\WINDOWS\System32\GDI32.dll
0x00007ffd4a760000 - 0x00007ffd4a878000 	C:\WINDOWS\System32\gdi32full.dll
0x00007ffd4bdb0000 - 0x00007ffd4be57000 	C:\WINDOWS\System32\msvcrt.dll
0x00007ffd4a2d0000 - 0x00007ffd4a36a000 	C:\WINDOWS\System32\msvcp_win.dll
0x00007ffd4b790000 - 0x00007ffd4b7c1000 	C:\WINDOWS\System32\IMM32.DLL
0x00007ffd44cf0000 - 0x00007ffd44cfc000 	c:\Users\wwhwa\.vscode\extensions\redhat.java-1.35.1-win32-x64\jre\17.0.12-win32-x86_64\bin\vcruntime140_1.dll
0x00007ffce7f30000 - 0x00007ffce7fbd000 	c:\Users\wwhwa\.vscode\extensions\redhat.java-1.35.1-win32-x64\jre\17.0.12-win32-x86_64\bin\msvcp140.dll
0x00007ffce06f0000 - 0x00007ffce135a000 	c:\Users\wwhwa\.vscode\extensions\redhat.java-1.35.1-win32-x64\jre\17.0.12-win32-x86_64\bin\server\jvm.dll
0x00007ffd4a880000 - 0x00007ffd4a932000 	C:\WINDOWS\System32\ADVAPI32.dll
0x00007ffd4c4a0000 - 0x00007ffd4c548000 	C:\WINDOWS\System32\sechost.dll
0x00007ffd4a730000 - 0x00007ffd4a758000 	C:\WINDOWS\System32\bcrypt.dll
0x00007ffd4b570000 - 0x00007ffd4b684000 	C:\WINDOWS\System32\RPCRT4.dll
0x00007ffd4bf40000 - 0x00007ffd4bfb1000 	C:\WINDOWS\System32\WS2_32.dll
0x00007ffd49b80000 - 0x00007ffd49bcd000 	C:\WINDOWS\SYSTEM32\POWRPROF.dll
0x00007ffd45460000 - 0x00007ffd45494000 	C:\WINDOWS\SYSTEM32\WINMM.dll
0x00007ffd420e0000 - 0x00007ffd420ea000 	C:\WINDOWS\SYSTEM32\VERSION.dll
0x00007ffd49ab0000 - 0x00007ffd49ac3000 	C:\WINDOWS\SYSTEM32\UMPDC.dll
0x00007ffd48e70000 - 0x00007ffd48e88000 	C:\WINDOWS\SYSTEM32\kernel.appcore.dll
0x00007ffd3a150000 - 0x00007ffd3a15a000 	c:\Users\wwhwa\.vscode\extensions\redhat.java-1.35.1-win32-x64\jre\17.0.12-win32-x86_64\bin\jimage.dll
0x00007ffd477a0000 - 0x00007ffd479d2000 	C:\WINDOWS\SYSTEM32\DBGHELP.DLL
0x00007ffd4b8d0000 - 0x00007ffd4bc5e000 	C:\WINDOWS\System32\combase.dll
0x00007ffd4b7f0000 - 0x00007ffd4b8c7000 	C:\WINDOWS\System32\OLEAUT32.dll
0x00007ffd420a0000 - 0x00007ffd420d2000 	C:\WINDOWS\SYSTEM32\dbgcore.DLL
0x00007ffd49f50000 - 0x00007ffd49fcb000 	C:\WINDOWS\System32\bcryptPrimitives.dll
0x00007ffd30e50000 - 0x00007ffd30e5e000 	c:\Users\wwhwa\.vscode\extensions\redhat.java-1.35.1-win32-x64\jre\17.0.12-win32-x86_64\bin\instrument.dll
0x00007ffd2a370000 - 0x00007ffd2a395000 	c:\Users\wwhwa\.vscode\extensions\redhat.java-1.35.1-win32-x64\jre\17.0.12-win32-x86_64\bin\java.dll
0x00007ffd40e40000 - 0x00007ffd40e58000 	c:\Users\wwhwa\.vscode\extensions\redhat.java-1.35.1-win32-x64\jre\17.0.12-win32-x86_64\bin\zip.dll
0x00007ffd4aae0000 - 0x00007ffd4b349000 	C:\WINDOWS\System32\SHELL32.dll
0x00007ffd47d80000 - 0x00007ffd4867f000 	C:\WINDOWS\SYSTEM32\windows.storage.dll
0x00007ffd47c40000 - 0x00007ffd47d7f000 	C:\WINDOWS\SYSTEM32\wintypes.dll
0x00007ffd4b690000 - 0x00007ffd4b789000 	C:\WINDOWS\System32\SHCORE.dll
0x00007ffd4b510000 - 0x00007ffd4b56e000 	C:\WINDOWS\System32\shlwapi.dll
0x00007ffd49d90000 - 0x00007ffd49db7000 	C:\WINDOWS\SYSTEM32\profapi.dll
0x00007ffd40e20000 - 0x00007ffd40e39000 	C:\Users\wwhwa\.vscode\extensions\redhat.java-1.35.1-win32-x64\jre\17.0.12-win32-x86_64\bin\net.dll
0x00007ffd45df0000 - 0x00007ffd45f26000 	C:\WINDOWS\SYSTEM32\WINHTTP.dll
0x00007ffd492d0000 - 0x00007ffd49339000 	C:\WINDOWS\system32\mswsock.dll
0x00007ffd40e00000 - 0x00007ffd40e16000 	C:\Users\wwhwa\.vscode\extensions\redhat.java-1.35.1-win32-x64\jre\17.0.12-win32-x86_64\bin\nio.dll
0x00007ffd40df0000 - 0x00007ffd40e00000 	c:\Users\wwhwa\.vscode\extensions\redhat.java-1.35.1-win32-x64\jre\17.0.12-win32-x86_64\bin\verify.dll
0x00007ffd31450000 - 0x00007ffd31495000 	C:\Users\wwhwa\AppData\Roaming\Code\User\globalStorage\redhat.java\1.35.1\config_ss_win\org.eclipse.equinox.launcher\org.eclipse.equinox.launcher.win32.win32.x86_64_1.2.1100.v20240722-2106\eclipse_11904.dll
0x00007ffd4c6b0000 - 0x00007ffd4c855000 	C:\WINDOWS\System32\ole32.dll

dbghelp: loaded successfully - version: 4.0.5 - missing functions: none
symbol engine: initialized successfully - sym options: 0x614 - pdb path: .;c:\Users\wwhwa\.vscode\extensions\redhat.java-1.35.1-win32-x64\jre\17.0.12-win32-x86_64\bin;C:\WINDOWS\SYSTEM32;C:\WINDOWS\WinSxS\amd64_microsoft.windows.common-controls_6595b64144ccf1df_6.0.22621.3672_none_2713b9d173822955;c:\Users\wwhwa\.vscode\extensions\redhat.java-1.35.1-win32-x64\jre\17.0.12-win32-x86_64\bin\server;C:\Users\wwhwa\AppData\Roaming\Code\User\globalStorage\redhat.java\1.35.1\config_ss_win\org.eclipse.equinox.launcher\org.eclipse.equinox.launcher.win32.win32.x86_64_1.2.1100.v20240722-2106

VM Arguments:
jvm_args: --add-modules=ALL-SYSTEM --add-opens=java.base/java.util=ALL-UNNAMED --add-opens=java.base/java.lang=ALL-UNNAMED --add-opens=java.base/sun.nio.fs=ALL-UNNAMED -Declipse.application=org.eclipse.jdt.ls.core.id1 -Dosgi.bundles.defaultStartLevel=4 -Declipse.product=org.eclipse.jdt.ls.core.product -Djava.import.generatesMetadataFilesAtProjectRoot=false -DDetectVMInstallationsJob.disabled=true -Dfile.encoding=utf8 -XX:+UseParallelGC -XX:GCTimeRatio=4 -XX:AdaptiveSizePolicyWeight=90 -Dsun.zip.disableMemoryMapping=true -Xmx1G -Xms100m -Xlog:disable -javaagent:c:\Users\wwhwa\.vscode\extensions\redhat.java-1.35.1-win32-x64\lombok\lombok-1.18.33.jar 
java_command: c:\Users\wwhwa\.vscode\extensions\redhat.java-1.35.1-win32-x64\server\plugins\org.eclipse.equinox.launcher_1.6.900.v20240613-2009.jar -configuration c:\Users\wwhwa\AppData\Roaming\Code\User\globalStorage\redhat.java\1.35.1\config_ss_win -data c:\Users\wwhwa\AppData\Roaming\Code\User\workspaceStorage\cc8101a5b3efc4cd72cabb6bf9ff929c\redhat.java\ss_ws --pipe=\\.\pipe\lsp-e6f2b838103c0422e37bd86c1088be1c-sock
java_class_path (initial): c:\Users\wwhwa\.vscode\extensions\redhat.java-1.35.1-win32-x64\server\plugins\org.eclipse.equinox.launcher_1.6.900.v20240613-2009.jar
Launcher Type: SUN_STANDARD

[Global flags]
    uintx AdaptiveSizePolicyWeight                 = 90                                        {product} {command line}
     intx CICompilerCount                          = 12                                        {product} {ergonomic}
    uintx GCTimeRatio                              = 4                                         {product} {command line}
   size_t InitialHeapSize                          = 104857600                                 {product} {command line}
   size_t MaxHeapSize                              = 1073741824                                {product} {command line}
   size_t MaxNewSize                               = 357564416                                 {product} {ergonomic}
   size_t MinHeapDeltaBytes                        = 524288                                    {product} {ergonomic}
   size_t MinHeapSize                              = 104857600                                 {product} {command line}
   size_t NewSize                                  = 34603008                                  {product} {ergonomic}
    uintx NonNMethodCodeHeapSize                   = 7602480                                {pd product} {ergonomic}
    uintx NonProfiledCodeHeapSize                  = 122027880                              {pd product} {ergonomic}
   size_t OldSize                                  = 70254592                                  {product} {ergonomic}
    uintx ProfiledCodeHeapSize                     = 122027880                              {pd product} {ergonomic}
    uintx ReservedCodeCacheSize                    = 251658240                              {pd product} {ergonomic}
     bool SegmentedCodeCache                       = true                                      {product} {ergonomic}
   size_t SoftMaxHeapSize                          = 1073741824                             {manageable} {ergonomic}
     bool UseCompressedClassPointers               = true                           {product lp64_product} {ergonomic}
     bool UseCompressedOops                        = true                           {product lp64_product} {ergonomic}
     bool UseLargePagesIndividualAllocation        = false                                  {pd product} {ergonomic}
     bool UseParallelGC                            = true                                      {product} {command line}

Logging:
Log output configuration:
 #0: stdout all=off uptime,level,tags
 #1: stderr all=off uptime,level,tags

Environment Variables:
PATH=C:\Program Files\apache-maven-3.9.9\bin;C:\Program Files\Common Files\Oracle\Java\javapath;C:\Python312\Scripts\;C:\Python312\;C:\WINDOWS\system32;C:\WINDOWS;C:\WINDOWS\System32\Wbem;C:\WINDOWS\System32\WindowsPowerShell\v1.0\;C:\WINDOWS\System32\OpenSSH\;C:\Users\wwhwa\miniconda3\;C:\Users\wwhwa\miniconda3\Scripts\;C:\Program Files\nodejs\;C:\ProgramData\chocolatey\bin;C:\Users\wwhwa\AppData\Local\Programs\Python\Python310\Scripts\;C:\Users\wwhwa\AppData\Local\Programs\Python\Python310\;C:\Users\wwhwa\AppData\Local\Programs\Python\Launcher\;C:\Users\wwhwa\AppData\Local\Microsoft\WindowsApps;C:\Users\wwhwa\AppData\Local\Programs\Microsoft VS Code\bin;C:\Users\wwhwa\AppData\Local\Microsoft\WinGet\Packages\Schniz.fnm_Microsoft.Winget.Source_8wekyb3d8bbwe;C:\Program Files\nodejs\npm;
USERNAME=Nouzen
OS=Windows_NT
PROCESSOR_IDENTIFIER=AMD64 Family 25 Model 80 Stepping 0, AuthenticAMD
TMP=C:\Users\wwhwa\AppData\Local\Temp
TEMP=C:\Users\wwhwa\AppData\Local\Temp



Periodic native trim disabled


---------------  S Y S T E M  ---------------

OS:
 Windows 11 , 64 bit Build 22621 (10.0.22621.3958)
OS uptime: 7 days 20:56 hours
Hyper-V role detected

CPU: total 16 (initial active 16) (16 cores per cpu, 2 threads per core) family 25 model 80 stepping 0 microcode 0x0, cx8, cmov, fxsr, ht, mmx, 3dnowpref, sse, sse2, sse3, ssse3, sse4a, sse4.1, sse4.2, popcnt, lzcnt, tsc, tscinvbit, avx, avx2, aes, erms, clmul, bmi1, bmi2, adx, sha, fma, vzeroupper, clflush, clflushopt, hv
Processor Information for all 16 processors :
  Max Mhz: 2000, Current Mhz: 2000, Mhz Limit: 2000

Memory: 4k page, system-wide physical 5996M (230M free)
TotalPageFile size 24428M (AvailPageFile size 0M)
current process WorkingSet (physical memory assigned to process): 68M, peak: 74M
current process commit charge ("private bytes"): 223M, peak: 223M

vm_info: OpenJDK 64-Bit Server VM (17.0.12+7) for windows-amd64 JRE (17.0.12+7), built on Jul 16 2024 22:08:24 by "admin" with MS VC++ 16.10 / 16.11 (VS2019)

END.
